Tue 23:53: PROGRESS: MaxCompiler version: 2015.2 (simulation only)
Tue 23:53: PROGRESS: Build "BrightnessSolution" start time: Tue Jul 19 23:53:31 PDT 2016
Tue 23:53: PROGRESS: Main build process running as user demo on host localhost.localdomain
Tue 23:53: INFO    : Loading build properties from bundled MaxCompiler_build.conf...
Tue 23:53: INFO    : No default external build property file has been specified.
Tue 23:53: INFO    : (Set environment variable MAXCOMPILER_DEFAULT_CONF_FILE to assign one)
Tue 23:53: INFO    : Loading user build properties from: /home/demo/.MaxCompiler_build_user.conf
Tue 23:53: INFO    : No user-specified external build property file has been specified.
Tue 23:53: INFO    : (Set environment variable MAXCOMPILER_BUILD_CONF_FILE to assign one)
Tue 23:53: INFO    : Loading additional parameters from MAXCOMPILER_BUILD_CONF environment variable
Tue 23:53: PROGRESS: Build location: /home/demo/Desktop/MaxCompiler-Builds/BrightnessSolution_VECTIS_DFE_SIM
Tue 23:53: PROGRESS: Detailed build log available in "_build.log"
Tue 23:53: INFO    : Created build manager BrightnessSolution (BrightnessSolution_VECTIS_DFE_SIM Tue Jul 19 23:53:31 PDT 2016). (23:53:31 19/07/16)
Tue 23:53: INFO    : Working in dir: /home/demo/Desktop/MaxCompiler-Builds/BrightnessSolution_VECTIS_DFE_SIM
Tue 23:53: INFO    : Java class path (2 paths):
Tue 23:53: INFO    : 	/home/demo/Desktop/training-exercises/Solution/training-chap01-solution1-brightness/EngineCode/bin
Tue 23:53: INFO    : 	/opt/maxeler/maxcompiler/lib/MaxCompiler.jar
Tue 23:53: INFO    : Java process started by 'main' method in class 'brightness.BrightnessSolutionManager'.
Tue 23:53: INFO    : build.arbitrated_core_cache parameter is blank, not using core-cache
Tue 23:53: INFO    : Checking license files in directory: /opt/maxeler/maxcompiler/licenses
Tue 23:53: INFO    : All license signatures valid.
Tue 23:53: PROGRESS: Instantiating manager
Tue 23:53: PROGRESS: Instantiating kernel "BrightnessSolutionKernel"
Tue 23:53: INFO    : Backing-up source-files (old source files in build directory will be removed first)...
Tue 23:53: INFO    : Source directories: /home/demo/Desktop/training-exercises/Solution/training-chap01-solution1-brightness/EngineCode/src:
Tue 23:53: INFO    : Not deleting directory (does not exist): src
Tue 23:53: INFO    : Copying source-files took 8.12536 ms
Tue 23:53: PROGRESS: Compiling manager (CPU I/O Only)
Tue 23:53: INFO    : Backing-up source-files (old source files in build directory will be removed first)...
Tue 23:53: INFO    : Source directories: /home/demo/Desktop/training-exercises/Solution/training-chap01-solution1-brightness/EngineCode/src:
Tue 23:53: INFO    : Deleting directory: src
Tue 23:53: INFO    : Copying source-files took 4.26738 ms
Tue 23:53: INFO    : Manager Configuration:
Tue 23:53: INFO    : 	ManagerConfiguration.allowNonMultipleTransitions = false                                                         [Init: false]
Tue 23:53: INFO    : 	ManagerConfiguration.board = MAX3424A                                                                            [Init: null, init: MAX3424A]
Tue 23:53: INFO    : 	ManagerConfiguration.build.buildEffort = MEDIUM                                                                  [Init: MEDIUM]
Tue 23:53: INFO    : 	ManagerConfiguration.build.enableChipScopeInserter = false                                                       [Init: false]
Tue 23:53: INFO    : 	ManagerConfiguration.build.enableTimingAnalysis = true                                                           [Init: true]
Tue 23:53: INFO    : 	ManagerConfiguration.build.level = FULL_BUILD                                                                    [Init: FULL_BUILD]
Tue 23:53: INFO    : 	ManagerConfiguration.build.mpprContinueAfterMeetingTiming = false                                                [Init: false]
Tue 23:53: INFO    : 	ManagerConfiguration.build.mpprCtMax = 1                                                                         [Init: 1]
Tue 23:53: INFO    : 	ManagerConfiguration.build.mpprCtMin = 1                                                                         [Init: 1]
Tue 23:53: INFO    : 	ManagerConfiguration.build.mpprParallelism = 1                                                                   [Init: 1]
Tue 23:53: INFO    : 	ManagerConfiguration.build.mpprRetryMissesThrshld = 0                                                            [Init: 0]
Tue 23:53: INFO    : 	ManagerConfiguration.build.optGoal = BALANCED                                                                    [Init: BALANCED]
Tue 23:53: INFO    : 	ManagerConfiguration.build.physSynthAsyncPipelining = AUTO                                                       [Init: AUTO]
Tue 23:53: INFO    : 	ManagerConfiguration.build.physSynthCombLogic = AUTO                                                             [Init: AUTO]
Tue 23:53: INFO    : 	ManagerConfiguration.build.physSynthCombLogicForArea = AUTO                                                      [Init: AUTO]
Tue 23:53: INFO    : 	ManagerConfiguration.build.physSynthEffort = AUTO                                                                [Init: AUTO]
Tue 23:53: INFO    : 	ManagerConfiguration.build.physSynthRegDuplication = AUTO                                                        [Init: AUTO]
Tue 23:53: INFO    : 	ManagerConfiguration.build.physSynthRetiming = AUTO                                                              [Init: AUTO]
Tue 23:53: INFO    : 	ManagerConfiguration.build.physicalSynthesis = false                                                             [Init: false]
Tue 23:53: INFO    : 	ManagerConfiguration.buildTarget = DFE_SIM                                                                       [Init: null, init: DFE_SIM]
Tue 23:53: INFO    : 	ManagerConfiguration.debug.chipscopeCaptureDepth = 4096                                                          [Init: 4096]
Tue 23:53: INFO    : 	ManagerConfiguration.debug.fifoUnderOverFlowRegs = false                                                         [Init: false]
Tue 23:53: INFO    : 	ManagerConfiguration.debug.memCtlDebugRegs = true                                                                [Init: true]
Tue 23:53: INFO    : 	ManagerConfiguration.debug.memCtlExtraDebugRegs = false                                                          [Init: false]
Tue 23:53: INFO    : 	ManagerConfiguration.debug.memMarginingSupport = false                                                           [Init: false]
Tue 23:53: INFO    : 	ManagerConfiguration.debug.memPhyDebugRegister = NONE                                                            [Init: NONE]
Tue 23:53: INFO    : 	ManagerConfiguration.debug.memPllLockDebugRegs = true                                                            [Init: true]
Tue 23:53: INFO    : 	ManagerConfiguration.debug.streamStatus = false                                                                  [Init: false]
Tue 23:53: INFO    : 	ManagerConfiguration.debug.streamStatusChecksums = false                                                         [Init: false]
Tue 23:53: INFO    : 	ManagerConfiguration.dram.addressGeneratorsInSlowClock = false                                                   [Init: false]
Tue 23:53: INFO    : 	ManagerConfiguration.dram.arbitrationMode = ROUND_ROBIN                                                          [Init: ROUND_ROBIN]
Tue 23:53: INFO    : 	ManagerConfiguration.dram.burstSize = 8                                                                          [Init: 8]
Tue 23:53: INFO    : 	ManagerConfiguration.dram.cmdFifoInReg = false                                                                   [Init: false]
Tue 23:53: INFO    : 	ManagerConfiguration.dram.cmdFifoLutRam = false                                                                  [Init: false]
Tue 23:53: INFO    : 	ManagerConfiguration.dram.cmdFifoRegInRam = true                                                                 [Init: true]
Tue 23:53: INFO    : 	ManagerConfiguration.dram.cmdFifoSize = 31                                                                       [Init: 31]
Tue 23:53: INFO    : 	ManagerConfiguration.dram.commandEchoModeEnabled = false                                                         [Init: false]
Tue 23:53: INFO    : 	ManagerConfiguration.dram.commandEchoModeFifoDepth = 512                                                         [Init: 512]
Tue 23:53: INFO    : 	ManagerConfiguration.dram.commandEchoModeStreamAlmostEmptyLatency = 792                                          [Init: 792]
Tue 23:53: INFO    : 	ManagerConfiguration.dram.commandEchoModeStreamAlmostEmptyLatency = 8                                            [Init: 8]
Tue 23:53: INFO    : 	ManagerConfiguration.dram.commandEchoModeStreamStallLatency = 8                                                  [Init: 8]
Tue 23:53: INFO    : 	ManagerConfiguration.dram.dataFifoDepth = 512                                                                    [Init: 512]
Tue 23:53: INFO    : 	ManagerConfiguration.dram.dataFifoLutRam = false                                                                 [Init: false]
Tue 23:53: INFO    : 	ManagerConfiguration.dram.dataFifoWidth = 792                                                                    [Init: 792]
Tue 23:53: INFO    : 	ManagerConfiguration.dram.eccMode = false                                                                        [Init: false]
Tue 23:53: INFO    : 	ManagerConfiguration.dram.fabricDataFifoReg = true                                                               [Init: true]
Tue 23:53: INFO    : 	ManagerConfiguration.dram.fabricRdDataFifoReg = false                                                            [Init: false]
Tue 23:53: INFO    : 	ManagerConfiguration.dram.flagSupport = false                                                                    [Init: false]
Tue 23:53: INFO    : 	ManagerConfiguration.dram.highPrioStream = false                                                                 [Init: false]
Tue 23:53: INFO    : 	ManagerConfiguration.dram.max2CompatMode = false                                                                 [Init: false]
Tue 23:53: INFO    : 	ManagerConfiguration.dram.max4m_GALAVA_MCP_UseRefClk = false                                                     [Init: false]
Tue 23:53: INFO    : 	ManagerConfiguration.dram.max4m_MAIA_MCP_UseRefClk = false                                                       [Init: false]
Tue 23:53: INFO    : 	ManagerConfiguration.dram.max4qrateMode = false                                                                  [Init: false]
Tue 23:53: INFO    : 	ManagerConfiguration.dram.memCmdIncSize = 8                                                                      [Init: 8]
Tue 23:53: INFO    : 	ManagerConfiguration.dram.memCmdStartAddrSize = 32                                                               [Init: 32]
Tue 23:53: INFO    : 	ManagerConfiguration.dram.onCardMemFreq = 303.0                                                                  [Init: 0.0, change: 303.0]
Tue 23:53: INFO    : 	ManagerConfiguration.dram.parEccDebugStream = false                                                              [Init: false]
Tue 23:53: INFO    : 	ManagerConfiguration.dram.parityEccWidth = 0                                                                     [Init: 0]
Tue 23:53: INFO    : 	ManagerConfiguration.dram.parityMode = false                                                                     [Init: false]
Tue 23:53: INFO    : 	ManagerConfiguration.dram.perdqsPhaseDetect = false                                                              [Init: false]
Tue 23:53: INFO    : 	ManagerConfiguration.dram.performanceMode = true                                                                 [Init: true]
Tue 23:53: INFO    : 	ManagerConfiguration.enableMPCX = false                                                                          [Init: false, init: false]
Tue 23:53: INFO    : 	ManagerConfiguration.maxring.maxringConnections = []                                                             [Init: []]
Tue 23:53: INFO    : 	ManagerConfiguration.maxring.maxringNumLanes = {MAXRING_B=2, MAXRING_A=2, MAXRING_LITE_A=1, MAXRING_LITE_B=1}    [Init: {}]
Tue 23:53: INFO    : 	ManagerConfiguration.multiCycleMappedMemoryBus = false                                                           [Init: false]
Tue 23:53: INFO    : 	ManagerConfiguration.network.qsfp0Mode = QSFP_OFF                                                                [Init: QSFP_OFF]
Tue 23:53: INFO    : 	ManagerConfiguration.network.qsfp1Mode = QSFP_OFF                                                                [Init: QSFP_OFF]
Tue 23:53: INFO    : 	ManagerConfiguration.network.qsfp2Mode = QSFP_OFF                                                                [Init: QSFP_OFF]
Tue 23:53: INFO    : 	ManagerConfiguration.network.qsfp3Mode = QSFP_OFF                                                                [Init: QSFP_OFF]
Tue 23:53: INFO    : 	ManagerConfiguration.network.qsfp4Mode = QSFP_OFF                                                                [Init: QSFP_OFF]
Tue 23:53: INFO    : 	ManagerConfiguration.network.qsfp5Mode = QSFP_OFF                                                                [Init: QSFP_OFF]
Tue 23:53: INFO    : 	ManagerConfiguration.network.qsfp6Mode = QSFP_OFF                                                                [Init: QSFP_OFF]
Tue 23:53: INFO    : 	ManagerConfiguration.network.qsfp7Mode = QSFP_OFF                                                                [Init: QSFP_OFF]
Tue 23:53: INFO    : 	ManagerConfiguration.pcie.numPCIeLanes = 0                                                                       [Init: 0]
Tue 23:53: INFO    : 	ManagerConfiguration.pcie.pcieFastClock = false                                                                  [Init: false]
Tue 23:53: INFO    : 	ManagerConfiguration.pcie.streamFromHostMaxNum = 8                                                               [Init: 0, change: 8]
Tue 23:53: INFO    : 	ManagerConfiguration.pcie.streamToHostMaxNum = 8                                                                 [Init: 0, change: 8]
Tue 23:53: INFO    : 	ManagerConfiguration.persona.boardModel = MAX3424A                                                               [Init: null, change: MAX3424A]
Tue 23:53: INFO    : 	ManagerConfiguration.persona.ddr3Enable = false                                                                  [Init: false]
Tue 23:53: INFO    : 	ManagerConfiguration.persona.ddr3Frq = 303.0                                                                     [Init: 400.0, change: 303.0]
Tue 23:53: INFO    : 	ManagerConfiguration.persona.ddr3Qmode = false                                                                   [Init: false]
Tue 23:53: INFO    : 	ManagerConfiguration.persona.disableMultiplePersona = true                                                       [Init: true]
Tue 23:53: INFO    : 	ManagerConfiguration.persona.dynamic_scaling = false                                                             [Init: false]
Tue 23:53: INFO    : 	ManagerConfiguration.persona.enableCPLDOverrideOutpus = false                                                    [Init: false]
Tue 23:53: INFO    : 	ManagerConfiguration.persona.enableJDFEPTPTestLogic = false                                                      [Init: false]
Tue 23:53: INFO    : 	ManagerConfiguration.persona.maxRingLocal = false                                                                [Init: false]
Tue 23:53: INFO    : 	ManagerConfiguration.persona.maxRingOptical = false                                                              [Init: false]
Tue 23:53: INFO    : 	ManagerConfiguration.persona.maxringDataRate = 2500.0                                                            [Init: 2500.0]
Tue 23:53: INFO    : 	ManagerConfiguration.persona.maxringOpticalDataRate = 10000.0                                                    [Init: 10000.0]
Tue 23:53: INFO    : 	ManagerConfiguration.persona.mode = InitMode                                                                     [Init: InitMode]
Tue 23:53: INFO    : 	ManagerConfiguration.persona.networkPTP = OFF                                                                    [Init: OFF]
Tue 23:53: INFO    : 	ManagerConfiguration.persona.panMaxRingA = false                                                                 [Init: false]
Tue 23:53: INFO    : 	ManagerConfiguration.persona.panMaxRingB = false                                                                 [Init: false]
Tue 23:53: INFO    : 	ManagerConfiguration.persona.personaInterfaceVersion = 1                                                         [Init: 1]
Tue 23:53: INFO    : 	ManagerConfiguration.persona.qdr2Enable = false                                                                  [Init: false]
Tue 23:53: INFO    : 	ManagerConfiguration.persona.qdr2Frq = 350.0                                                                     [Init: 350.0]
Tue 23:53: INFO    : 	ManagerConfiguration.persona.streamClks = 1                                                                      [Init: 1]
Tue 23:53: INFO    : 	ManagerConfiguration.persona.streamFrq = [100.0]                                                                 [Init: [150.0], change: [100.0]]
Tue 23:53: INFO    : 	ManagerConfiguration.persona.streamPs = [0]                                                                      [Init: [0]]
Tue 23:53: INFO    : 	ManagerConfiguration.persona.usePCIeGen1 = false                                                                 [Init: false]
Tue 23:53: INFO    : 	ManagerConfiguration.simulation.nativeFloatingPoint = false                                                      [Init: false]
Tue 23:53: INFO    : 	ManagerConfiguration.streamClockFrq = 100                                                                        [Init: 100]
Tue 23:53: INFO    : 	ManagerConfiguration.useLegacyStreamFIFOs = false                                                                [Init: false]
Tue 23:53: INFO    : 
Tue 23:53: INFO    :  -- 
Tue 23:53: PROGRESS: 
Tue 23:53: PROGRESS: Compiling kernel "BrightnessSolutionKernel"
Tue 23:53: INFO    : Configuration:
Tue 23:53: INFO    : 	KernelConfiguration.additionalInputPipelining = 64                                          [Init: 64]
Tue 23:53: INFO    : 	KernelConfiguration.allowDSPCascading = true                                                [Init: true]
Tue 23:53: INFO    : 	KernelConfiguration.allowInputsOutputsBeforeFlushNode = false                               [Init: false]
Tue 23:53: INFO    : 	KernelConfiguration.allowZeroLatencyNodeHold = false                                        [Init: false]
Tue 23:53: INFO    : 	KernelConfiguration.board = MAX3424A                                                        [Init: MAX2116B, change: MAX3424A]
Tue 23:53: INFO    : 	KernelConfiguration.bramBitsThreshold = 2080                                                [Init: 2080]
Tue 23:53: INFO    : 	KernelConfiguration.buildTarget = MAXCOMPILERSIM_HOST_DRIVEN                                [Init: NONE, change: MAXCOMPILERSIM_HOST_DRIVEN]
Tue 23:53: INFO    : 	KernelConfiguration.cePipelining = 2                                                        [Init: 2]
Tue 23:53: INFO    : 	KernelConfiguration.clockPhaseBalanceThreshold = 0.1                                        [Init: 0.1]
Tue 23:53: INFO    : 	KernelConfiguration.clockPhasingRetries = 50                                                [Init: 50]
Tue 23:53: INFO    : 	KernelConfiguration.dumpNeighboursString =                                                  [Init: ]
Tue 23:53: INFO    : 	KernelConfiguration.enableCeReplication = true                                              [Init: true]
Tue 23:53: INFO    : 	KernelConfiguration.enableClockPhasePartitioning = false                                    [Init: false]
Tue 23:53: INFO    : 	KernelConfiguration.enableDebugIOControlRegs = true                                         [Init: true]
Tue 23:53: INFO    : 	KernelConfiguration.enableDummyBuild = false                                                [Init: false]
Tue 23:53: INFO    : 	KernelConfiguration.enableKernelProfiler = false                                            [Init: false]
Tue 23:53: INFO    : 	KernelConfiguration.enablePipelinedComputeController = false                                [Init: false]
Tue 23:53: INFO    : 	KernelConfiguration.enableShadowRegister = false                                            [Init: false]
Tue 23:53: INFO    : 	KernelConfiguration.enableSmartKernelControl = false                                        [Init: false]
Tue 23:53: INFO    : 	KernelConfiguration.fifoSrlRegisterStages = 1                                               [Init: 1]
Tue 23:53: INFO    : 	KernelConfiguration.flushOnInputDataCongtiguous = false                                     [Init: false]
Tue 23:53: INFO    : 	KernelConfiguration.hardwareDebugDepth = 512                                                [Init: 512]
Tue 23:53: INFO    : 	KernelConfiguration.hwHierarchyMode = UNSET                                                 [Init: UNSET]
Tue 23:53: INFO    : 	KernelConfiguration.latencyAnnotation = false                                               [Init: false]
Tue 23:53: INFO    : 	KernelConfiguration.latencyAnnotationIOs =                                                  [Init: null]
Tue 23:53: INFO    : 	KernelConfiguration.maxCoalescedFifoWidth = 2147483647                                      [Init: 2147483647]
Tue 23:53: INFO    : 	KernelConfiguration.maxPreAdderFanOut = 1                                                   [Init: 1]
Tue 23:53: INFO    : 	KernelConfiguration.netlistMode = false                                                     [Init: false]
Tue 23:53: INFO    : 	KernelConfiguration.numPhotonStateMachines = 1                                              [Init: 1]
Tue 23:53: INFO    : 	KernelConfiguration.optimizations.ceCounterRegisterDuplication = 1                          [Init: 1]
Tue 23:53: INFO    : 	KernelConfiguration.optimizations.conditionalArithmetic = false                             [Init: true, Init after BuildTarget change: false]
Tue 23:53: INFO    : 	KernelConfiguration.optimizations.counterChainWrapPipelining = 0                            [Init: 0]
Tue 23:53: INFO    : 	KernelConfiguration.optimizations.dspAddChain = OPTIMISE_IGNORE_PREADDER                    [Init: null, Init after BuildTarget change: OPTIMISE_IGNORE_PREADDER]
Tue 23:53: INFO    : 	KernelConfiguration.optimizations.enableActiveFanoutReduction = false                       [Init: false]
Tue 23:53: INFO    : 	KernelConfiguration.optimizations.enableBUFGCE = false                                      [Init: false]
Tue 23:53: INFO    : 	KernelConfiguration.optimizations.enableBetterInputRegistering = false                      [Init: false]
Tue 23:53: INFO    : 	KernelConfiguration.optimizations.enableBetterRegistering = false                           [Init: false]
Tue 23:53: INFO    : 	KernelConfiguration.optimizations.enableFIFOCoalescingAcrossPlacementConstraints = false    [Init: false]
Tue 23:53: INFO    : 	KernelConfiguration.optimizations.enableFifoCoalescing = true                               [Init: true]
Tue 23:53: INFO    : 	KernelConfiguration.optimizations.enableFullPrecisionBinaryOpConstants = false              [Init: false]
Tue 23:53: INFO    : 	KernelConfiguration.optimizations.enableIntegratedRounding = false                          [Init: false]
Tue 23:53: INFO    : 	KernelConfiguration.optimizations.enableMappedMemoryHostReadBack = true                     [Init: true]
Tue 23:53: INFO    : 	KernelConfiguration.optimizations.enableMultiCycleReset = false                             [Init: false]
Tue 23:53: INFO    : 	KernelConfiguration.optimizations.enablePowerTwoFloatMult = true                            [Init: true]
Tue 23:53: INFO    : 	KernelConfiguration.optimizations.enableRedundantNodeDeletion = true                        [Init: true]
Tue 23:53: INFO    : 	KernelConfiguration.optimizations.enableStateMachineRegisterMerging = true                  [Init: true]
Tue 23:53: INFO    : 	KernelConfiguration.optimizations.inputFlushDistanceFactor = 0                              [Init: 0]
Tue 23:53: INFO    : 	KernelConfiguration.optimizations.minimumStaticFIFOSplitDepth = 1                           [Init: 1]
Tue 23:53: INFO    : 	KernelConfiguration.optimizations.optimizationTechnique = DEFAULT                           [Init: DEFAULT]
Tue 23:53: INFO    : 	KernelConfiguration.optimizations.triAdd = false                                            [Init: true, Init after BuildTarget change: false]
Tue 23:53: INFO    : 	KernelConfiguration.partialReconfBlockName =                                                [Init: ]
Tue 23:53: INFO    : 	KernelConfiguration.partialReconfMode = false                                               [Init: false]
Tue 23:53: INFO    : 	KernelConfiguration.partialReconfTemplate = false                                           [Init: false]
Tue 23:53: INFO    : 	KernelConfiguration.replicateNodeCeLog2NumPartitions = 0                                    [Init: 0]
Tue 23:53: INFO    : 	KernelConfiguration.romBRAMBitsThreshold = 2080                                             [Init: 2080]
Tue 23:53: INFO    : 	KernelConfiguration.simulation.ramAddressCollisionBehaviour = EXCEPTION                     [Init: EXCEPTION]
Tue 23:53: INFO    : 	KernelConfiguration.simulation.ramOutOfBoundsAccessBehaviour = EXCEPTION                    [Init: EXCEPTION]
Tue 23:53: INFO    : 	KernelConfiguration.simulation.simProgressMessageFrequency = 0                              [Init: 0]
Tue 23:53: INFO    : 
Tue 23:53: INFO    :  -- 
Tue 23:53: INFO    : Writing current graph to: BrightnessSolution-BrightnessSolutionKernel-original.pxg
Tue 23:53: INFO    : Running kernel graph-pass 'GeneratePXG'.
Tue 23:53: INFO    : Graph-pass 'GeneratePXG' took 62.3793 ms (1 iterations)
Tue 23:53: INFO    : Running kernel graph-pass 'MarkConstantPass'.
Tue 23:53: INFO    : Graph-pass 'MarkConstantPass' took 1.30281 ms (1 iterations)
Tue 23:53: INFO    : Running kernel graph-pass 'ReachabilityPass'.
Tue 23:53: INFO    : Graph-pass 'ReachabilityPass' took 952.579 µs (1 iterations)
Tue 23:53: INFO    : Running kernel graph-pass 'FindInputsLeadingToFlush'.
Tue 23:53: INFO    : Graph-pass 'FindInputsLeadingToFlush' took 70.3230 µs (1 iterations)
Tue 23:53: INFO    : Running kernel graph-pass 'CheckForStatefulToFlushViolations'.
Tue 23:53: INFO    : Graph-pass 'CheckForStatefulToFlushViolations' took 226.735 µs (1 iterations)
Tue 23:53: INFO    : Running kernel graph-pass 'CheckForInputToFlushViolations'.
Tue 23:53: INFO    : Graph-pass 'CheckForInputToFlushViolations' took 667.475 µs (1 iterations)
Tue 23:53: INFO    : Not deleting directory (does not exist): neighbours
Tue 23:53: INFO    : Running Photon pre-schedule graph optimisations
Tue 23:53: INFO    : Running kernel graph-pass 'AlignOrEradicatePrintfs'.
Tue 23:53: INFO    : Graph-pass 'AlignOrEradicatePrintfs' took 55.7930 µs (1 iterations)
Tue 23:53: INFO    : Running kernel graph-pass 'FoldConstantsPass'.
Tue 23:53: INFO    : Graph-pass 'FoldConstantsPass' took 528.871 µs (1 iterations)
Tue 23:53: INFO    : Running kernel graph-pass 'OptimiseNodesPass'.
Tue 23:53: INFO    : Graph-pass 'OptimiseNodesPass' took 3.30558 ms (2 iterations)
Tue 23:53: INFO    : Running kernel graph-pass 'DeleteRedundantNodes'.
Tue 23:53: INFO    : Graph-pass 'DeleteRedundantNodes' took 113.013 µs (1 iterations)
Tue 23:53: INFO    : Running kernel graph-pass 'DSPMultiplyAddExtractionPass'.
Tue 23:53: INFO    : Optimized 0 sub-graphs into DSP multiply/add chains (Virtex5 mode).
Tue 23:53: INFO    : Graph-pass 'DSPMultiplyAddExtractionPass' took 7.16647 ms (1 iterations)
Tue 23:53: INFO    : Running kernel graph-pass 'PO2FPMultOptimiser'.
Tue 23:53: INFO    : Graph-pass 'PO2FPMultOptimiser' took 69.2240 µs (1 iterations)
Tue 23:53: INFO    : Running Photon simulation preparation
Tue 23:53: INFO    : Running kernel graph-pass 'PrepareSimulationPass'.
Tue 23:53: INFO    : Graph-pass 'PrepareSimulationPass' took 43.3980 µs (1 iterations)
Tue 23:53: INFO    : Logging Photon stats to: BrightnessSolutionKernel_photon_stats.csv
Tue 23:53: INFO    : Running kernel graph-pass 'StatsPass'.
Tue 23:53: INFO    : Graph-pass 'StatsPass' took 1.02967 ms (1 iterations)
Tue 23:53: INFO    : Running kernel graph-pass 'CollectNumericExceptions'.
Tue 23:53: INFO    : Graph-pass 'CollectNumericExceptions' took 50.4300 µs (1 iterations)
Tue 23:53: INFO    : Running kernel graph-pass 'StreamOffsetDivExpand'.
Tue 23:53: INFO    : Graph-pass 'StreamOffsetDivExpand' took 80.2840 µs (1 iterations)
Tue 23:53: INFO    : Running kernel graph-pass 'FindIllegalLoops'.
Tue 23:53: INFO    : Graph-pass 'FindIllegalLoops' took 495.239 µs (1 iterations)
Tue 23:53: INFO    : Running kernel graph-pass 'MarkConstantPass'.
Tue 23:53: INFO    : Graph-pass 'MarkConstantPass' took 66.1400 µs (1 iterations)
Tue 23:53: INFO    : Running kernel graph-pass 'ScheduleVariables'.
Tue 23:53: INFO    : Graph-pass 'ScheduleVariables' took 2.19069 ms (1 iterations)
Tue 23:53: INFO    : Running kernel graph-pass 'SubstituteEqPlaceholders'.
Tue 23:53: INFO    : Graph-pass 'SubstituteEqPlaceholders' took 97.9330 µs (1 iterations)
Tue 23:53: INFO    : Running kernel graph-pass 'ScheduleApplier'.
Tue 23:53: INFO    : Graph-pass 'ScheduleApplier' took 333.368 µs (1 iterations)
Tue 23:53: INFO    : Running kernel graph-pass 'MarkConstantPass'.
Tue 23:53: INFO    : Graph-pass 'MarkConstantPass' took 56.9180 µs (1 iterations)
Tue 23:53: INFO    : Running kernel graph-pass 'ScheduleDumper'.
Tue 23:53: INFO    : Graph-pass 'ScheduleDumper' took 3.68310 ms (1 iterations)
Tue 23:53: INFO    : Running Photon post-schedule graph optimisations (pass 1)
Tue 23:53: INFO    : Running kernel graph-pass 'TapFIFOsPass'.
Tue 23:53: INFO    : Graph-pass 'TapFIFOsPass' took 387.819 µs (1 iterations)
Tue 23:53: INFO    : Running kernel graph-pass 'FoldFIFOsPass'.
Tue 23:53: INFO    : Graph-pass 'FoldFIFOsPass' took 129.383 µs (1 iterations)
Tue 23:53: INFO    : Running kernel graph-pass 'MarkConstantPass'.
Tue 23:53: INFO    : Graph-pass 'MarkConstantPass' took 67.3560 µs (1 iterations)
Tue 23:53: INFO    : Running kernel graph-pass 'ValidateFIFOs'.
Tue 23:53: INFO    : Graph-pass 'ValidateFIFOs' took 42.1990 µs (1 iterations)
Tue 23:53: INFO    : Running kernel graph-pass 'MarkConstantPass'.
Tue 23:53: INFO    : Graph-pass 'MarkConstantPass' took 66.7320 µs (1 iterations)
Tue 23:53: INFO    : Running kernel graph-pass 'ScheduleDumper'.
Tue 23:53: INFO    : Graph-pass 'ScheduleDumper' took 833.771 µs (1 iterations)
Tue 23:53: INFO    : Running kernel graph-pass 'MarkConstantPass'.
Tue 23:53: INFO    : Graph-pass 'MarkConstantPass' took 56.4980 µs (1 iterations)
Tue 23:53: INFO    : Running kernel graph-pass 'ScheduleConstants'.
Tue 23:53: INFO    : Running command: "/opt/maxeler/maxcompiler/bin/cbc" "BrightnessSolutionKernel_schedule_C.mps.gz" -solve  -printi csv -solu "BrightnessSolutionKernel_schedule_C.csv" > "BrightnessSolutionKernel_schedule_C.stdout.log"
Tue 23:53: INFO    : Optimum found: 0
Tue 23:53: INFO    : Graph-pass 'ScheduleConstants' took 3.78817 s (1 iterations)
Tue 23:53: INFO    : Running kernel graph-pass 'MarkConstantPass'.
Tue 23:53: INFO    : Graph-pass 'MarkConstantPass' took 72.5330 µs (1 iterations)
Tue 23:53: INFO    : Running kernel graph-pass 'ScheduleDumper'.
Tue 23:53: INFO    : Graph-pass 'ScheduleDumper' took 667.466 µs (1 iterations)
Tue 23:53: INFO    : Running kernel graph-pass 'SubstituteEqPlaceholders'.
Tue 23:53: INFO    : Graph-pass 'SubstituteEqPlaceholders' took 57.1000 µs (1 iterations)
Tue 23:53: INFO    : Running kernel graph-pass 'RemoveDistMeasurementNodes'.
Tue 23:53: INFO    : Graph-pass 'RemoveDistMeasurementNodes' took 14.7320 µs (1 iterations)
Tue 23:53: INFO    : Running kernel graph-pass 'ScheduleApplier'.
Tue 23:53: INFO    : Graph-pass 'ScheduleApplier' took 235.232 µs (1 iterations)
Tue 23:53: INFO    : Maximum stream latency for kernel 'BrightnessSolutionKernel': 10
Tue 23:53: INFO    : Using user logic for flush.
Tue 23:53: INFO    : Running Photon post-schedule graph optimisations (pass 2)
Tue 23:53: INFO    : Running kernel graph-pass 'TapFIFOsPass'.
Tue 23:53: INFO    : Graph-pass 'TapFIFOsPass' took 294.196 µs (1 iterations)
Tue 23:53: INFO    : Running kernel graph-pass 'FoldFIFOsPass'.
Tue 23:53: INFO    : Graph-pass 'FoldFIFOsPass' took 106.831 µs (1 iterations)
Tue 23:53: INFO    : Running kernel graph-pass 'MarkConstantPass'.
Tue 23:53: INFO    : Graph-pass 'MarkConstantPass' took 58.7040 µs (1 iterations)
Tue 23:53: INFO    : Running kernel graph-pass 'ScheduleAsserter'.
Tue 23:53: INFO    : Graph-pass 'ScheduleAsserter' took 145.250 µs (1 iterations)
Tue 23:53: INFO    : Running kernel graph-pass 'ReplaceEvalStreamOffsetNodes'.
Tue 23:53: INFO    : Graph-pass 'ReplaceEvalStreamOffsetNodes' took 56.1470 µs (1 iterations)
Tue 23:53: INFO    : Running kernel graph-pass 'FIFOReport'.
Tue 23:53: INFO    : Graph-pass 'FIFOReport' took 541.997 µs (1 iterations)
Tue 23:53: INFO    : Running kernel graph-pass 'StatsPass'.
Tue 23:53: INFO    : Graph-pass 'StatsPass' took 663.586 µs (1 iterations)
Tue 23:53: INFO    : Running kernel graph-pass 'RemoveUntypedConstants'.
Tue 23:53: INFO    : Graph-pass 'RemoveUntypedConstants' took 4.96449 ms (1 iterations)
Tue 23:53: INFO    : Running kernel graph-pass 'VariableSizeMappedRegInserter'.
Tue 23:53: INFO    : Graph-pass 'VariableSizeMappedRegInserter' took 42.1640 µs (1 iterations)
Tue 23:53: INFO    : Running kernel graph-pass 'MarkConstantPass'.
Tue 23:53: INFO    : Graph-pass 'MarkConstantPass' took 88.8270 µs (1 iterations)
Tue 23:53: INFO    : Running kernel graph-pass 'MakeMaxFileNodeData'.
Tue 23:53: INFO    : Graph-pass 'MakeMaxFileNodeData' took 1.30576 ms (1 iterations)
Tue 23:53: INFO    : Running kernel graph-pass 'MoveFanoutRegsForwards'.
Tue 23:53: INFO    : Graph-pass 'MoveFanoutRegsForwards' took 42.4580 µs (1 iterations)
Tue 23:53: INFO    : Optimization report for Kernel 'BrightnessSolutionKernel'.
Tue 23:53: INFO    : Enabled optimizations:
Tue 23:53: INFO    : 	DSP-Multiplication
Tue 23:53: INFO    : 	Power-of-2 Floating Point
Tue 23:53: INFO    : Creating a preliminary MaxCompilerDesignData.dat. (@ CoreCompile BrightnessSolutionKernel)
Tue 23:53: INFO    : Total compilation of 'BrightnessSolutionKernel' took 4.11035 s.
Tue 23:53: INFO    : Running kernel graph-pass 'MarkConstantPass'.
Tue 23:53: INFO    : Graph-pass 'MarkConstantPass' took 105.289 µs (1 iterations)
Tue 23:53: INFO    : Running kernel graph-pass 'MaxConstantLatency'.
Tue 23:53: INFO    : Graph-pass 'MaxConstantLatency' took 280.857 µs (1 iterations)
Tue 23:53: INFO    : Running kernel graph-pass 'SimCodeGraphPass'.
Tue 23:53: INFO    : Graph-pass 'SimCodeGraphPass' took 8.81887 ms (1 iterations)
Tue 23:53: INFO    : Writing current graph to: BrightnessSolution-BrightnessSolutionKernel-final-simulation.pxg
Tue 23:53: INFO    : Running kernel graph-pass 'GeneratePXG'.
Tue 23:53: INFO    : Graph-pass 'GeneratePXG' took 44.0870 ms (1 iterations)
Tue 23:53: INFO    : Running manager compiler graph-pass: GenerateMXGInfo
Tue 23:53: INFO    : Running manager compiler graph-pass: ScheduleStallLatency
Tue 23:53: INFO    : Running manager compiler graph-pass: ClockWidthAssignment
Tue 23:53: INFO    : Running manager compiler graph-pass: InsertDualAspectLogic
Tue 23:53: INFO    : Running manager compiler graph-pass: ClockWidthAssignment
Tue 23:53: INFO    : Running manager compiler graph-pass: InsertPullPushAdapter
Tue 23:53: INFO    : Running manager compiler graph-pass: ClockWidthAssignment
Tue 23:53: INFO    : Running manager compiler graph-pass: InsertStreamFifos
Tue 23:53: INFO    : Running manager compiler graph-pass: ClockWidthAssignment
Tue 23:53: INFO    : Running manager compiler graph-pass: InsertStreamStatus
Tue 23:53: INFO    : Running manager compiler graph-pass: InsertChipscope
Tue 23:53: INFO    : Inserted 0 chipscope manager nodes.
Tue 23:53: INFO    : Running manager compiler graph-pass: ClockWidthAssignment
Tue 23:53: INFO    : Running manager compiler graph-pass: ReportClockAssignments
Tue 23:53: INFO    : Running manager compiler graph-pass: BuildSoftwareSim
Tue 23:53: INFO    : Mapped register report:
Tue 23:53: INFO    : 	0	io_inImage_force_disabled	1bytes
Tue 23:53: INFO    : 	1	BrightnessSolutionAdjust	4bytes
Tue 23:53: INFO    : 	5	io_outImage_force_disabled	1bytes
Tue 23:53: INFO    : 	6	run_cycle_count	6bytes
Tue 23:53: INFO    : 	c	current_run_cycle_count	6bytes
Tue 23:53: INFO    : 	12	dbg_ctld_almost_empty	1bytes
Tue 23:53: INFO    : 	13	dbg_ctld_done	1bytes
Tue 23:53: INFO    : 	14	dbg_ctld_empty	1bytes
Tue 23:53: INFO    : 	15	dbg_ctld_read	1bytes
Tue 23:53: INFO    : 	16	dbg_ctld_read_pipe_dbg	1bytes
Tue 23:53: INFO    : 	17	dbg_ctld_request	1bytes
Tue 23:53: INFO    : 	18	dbg_done_out	1bytes
Tue 23:53: INFO    : 	19	dbg_fill_level	1bytes
Tue 23:53: INFO    : 	1a	dbg_flush_level	1bytes
Tue 23:53: INFO    : 	1b	dbg_flush_start	1bytes
Tue 23:53: INFO    : 	1c	dbg_flush_start_level	1bytes
Tue 23:53: INFO    : 	1d	dbg_flushing	1bytes
Tue 23:53: INFO    : 	1e	dbg_full_level	1bytes
Tue 23:53: INFO    : 	1f	dbg_out_stall	1bytes
Tue 23:53: INFO    : 	20	dbg_out_valid	1bytes
Tue 23:53: INFO    : 	21	dbg_stall_vector	1bytes
Tue 23:53: INFO    : 	22	ifpga_ctrl	1bytes
Tue 23:53: INFO    : 	23	SFA_FORWARD_EN	4bytes
Tue 23:53: INFO    : Mapped register chain length = 39
Tue 23:53: INFO    : Mapped register efficiency = 0.64 (200 / 312 bits)
Tue 23:53: INFO    : Mapped memory report:
Tue 23:53: INFO    : 	No mapped memories in this design.
Tue 23:53: INFO    : Running manager compiler graph-pass: GenerateMXGInfo
Tue 23:53: INFO    : Running manager compiler graph-pass: GenerateSlicHostCode
Tue 23:53: INFO    : Generating SLIC interface information
Tue 23:53: INFO    : Generating SLIC code for interface 'default'
Tue 23:53: INFO    : Skipping blacklisted scalar parameter 'BrightnessSolutionKernel.current_run_cycle_count'
Tue 23:53: INFO    : Interface 'default' depends on parameter 'N'
Tue 23:53: INFO    : Generating XML description for Maxfile
Tue 23:53: INFO    : Generating XML description for mode 'default'
Tue 23:53: INFO    : Skipping blacklisted scalar parameter 'BrightnessSolutionKernel.current_run_cycle_count'
Tue 23:53: INFO    : Interface 'default' depends on parameter 'N'
Tue 23:53: INFO    : Adding SLIC sections to the maxfile
Tue 23:53: INFO    : Adding user files to the maxfile
Tue 23:53: INFO    : Generating SLIC include file
Tue 23:53: INFO    : Done generating SLIC interface information
Tue 23:53: PROGRESS: Running back-end simulation build (3 phases)
Tue 23:53: PROGRESS: (1/3) - Prepare MaxFile Data (GenerateMaxFileDataFile)
Tue 23:53: INFO    : Build pass 'GenerateMaxFileDataFile' took 48.1981 ms.
Tue 23:53: PROGRESS: (2/3) - Compile Simulation Modules (SimCompilePass)
Tue 23:53: INFO    : Running command: make -j1
Tue 23:53: INFO    : mkdir -p objdir
Tue 23:53: INFO    : mkdir -p stdsimheader.h.gch
Tue 23:53: INFO    : /opt/maxeler/maxcompiler/lib/clang/bin/start.sh clang++ -c -fPIC -B/opt/maxeler/maxcompiler/lib/gcc -fbracket-depth=1024 -D_GLIBCXX__PTHREADS -D__USE_XOPEN2K8 -O3  -I. -I/opt/maxeler/maxcompiler/lib/boost/include -I/opt/maxeler/maxcompiler/lib/maxeleros-sim/include -I/opt/maxeler/maxcompiler/lib/lwip_sim -I/opt/maxeler/maxcompiler/lib/lwip_sim/include -I/opt/maxeler/maxcompiler/lib/lwip_sim/include/arch -I/opt/maxeler/maxcompiler/lib/lwip_sim/include/ipv4  -DHAVE_KERNELS -DMAXFILE_INC="../../MaxCompilerDesignData.dat" -g0  -DSLIC_NO_DECLARATIONS   -O0 -DOPTIMIZATION_LEVEL=0 -x c++-header \
Tue 23:53: INFO    : 		-o stdsimheader.h.gch/O0_stdsimheader.h.gch stdsimheader.h
Tue 23:53: INFO    : /opt/maxeler/maxcompiler/lib/clang/bin/start.sh clang++ -c -fPIC -B/opt/maxeler/maxcompiler/lib/gcc -fbracket-depth=1024 -D_GLIBCXX__PTHREADS -D__USE_XOPEN2K8 -O3  -I. -I/opt/maxeler/maxcompiler/lib/boost/include -I/opt/maxeler/maxcompiler/lib/maxeleros-sim/include -I/opt/maxeler/maxcompiler/lib/lwip_sim -I/opt/maxeler/maxcompiler/lib/lwip_sim/include -I/opt/maxeler/maxcompiler/lib/lwip_sim/include/arch -I/opt/maxeler/maxcompiler/lib/lwip_sim/include/ipv4  -DHAVE_KERNELS -DMAXFILE_INC="../../MaxCompilerDesignData.dat" -g0  -DSLIC_NO_DECLARATIONS   -fno-implicit-templates -O2 -DOPTIMIZATION_LEVEL=2 -x c++-header \
Tue 23:53: INFO    : 		-o stdsimheader.h.gch/NoTplInst_O2_stdsimheader.h.gch stdsimheader.h
Tue 23:53: INFO    : make BrightnessSolution.so
Tue 23:53: INFO    : make[1]: Entering directory `/home/demo/Desktop/MaxCompiler-Builds/BrightnessSolution_VECTIS_DFE_SIM/scratch/software-sim/build'
Tue 23:53: INFO    : /opt/maxeler/maxcompiler/lib/clang/bin/start.sh clang++ -c -fPIC -B/opt/maxeler/maxcompiler/lib/gcc -fbracket-depth=1024 -D_GLIBCXX__PTHREADS -D__USE_XOPEN2K8 -O3  -I. -I/opt/maxeler/maxcompiler/lib/boost/include -I/opt/maxeler/maxcompiler/lib/maxeleros-sim/include -I/opt/maxeler/maxcompiler/lib/lwip_sim -I/opt/maxeler/maxcompiler/lib/lwip_sim/include -I/opt/maxeler/maxcompiler/lib/lwip_sim/include/arch -I/opt/maxeler/maxcompiler/lib/lwip_sim/include/ipv4  -DHAVE_KERNELS -DMAXFILE_INC="../../MaxCompilerDesignData.dat" -g0  -DSLIC_NO_DECLARATIONS   -fno-implicit-templates -include-pch stdsimheader.h.gch -O2 -DOPTIMIZATION_LEVEL=2 -o objdir/BrightnessSolutionKernel_exec0.NoTplInst.O2.o BrightnessSolutionKernel_exec0.cpp
Tue 23:53: INFO    : /opt/maxeler/maxcompiler/lib/clang/bin/start.sh clang++ -fPIC -B/opt/maxeler/maxcompiler/lib/gcc -fbracket-depth=1024 -D_GLIBCXX__PTHREADS -D__USE_XOPEN2K8 -O3  -I. -I/opt/maxeler/maxcompiler/lib/boost/include -I/opt/maxeler/maxcompiler/lib/maxeleros-sim/include -I/opt/maxeler/maxcompiler/lib/lwip_sim -I/opt/maxeler/maxcompiler/lib/lwip_sim/include -I/opt/maxeler/maxcompiler/lib/lwip_sim/include/arch -I/opt/maxeler/maxcompiler/lib/lwip_sim/include/ipv4  -DHAVE_KERNELS -DMAXFILE_INC="../../MaxCompilerDesignData.dat" -g0  -DSLIC_NO_DECLARATIONS   -MM -MP -MT objdir/BrightnessSolutionKernel_exec0.NoTplInst.O2.o \
Tue 23:53: INFO    : 		BrightnessSolutionKernel_exec0.cpp > objdir/BrightnessSolutionKernel_exec0.NoTplInst.O2.d
Tue 23:53: INFO    : /opt/maxeler/maxcompiler/lib/clang/bin/start.sh clang++ -c -fPIC -B/opt/maxeler/maxcompiler/lib/gcc -fbracket-depth=1024 -D_GLIBCXX__PTHREADS -D__USE_XOPEN2K8 -O3  -I. -I/opt/maxeler/maxcompiler/lib/boost/include -I/opt/maxeler/maxcompiler/lib/maxeleros-sim/include -I/opt/maxeler/maxcompiler/lib/lwip_sim -I/opt/maxeler/maxcompiler/lib/lwip_sim/include -I/opt/maxeler/maxcompiler/lib/lwip_sim/include/arch -I/opt/maxeler/maxcompiler/lib/lwip_sim/include/ipv4  -DHAVE_KERNELS -DMAXFILE_INC="../../MaxCompilerDesignData.dat" -g0  -DSLIC_NO_DECLARATIONS   -include-pch stdsimheader.h.gch -O0 -DOPTIMIZATION_LEVEL=0 -o objdir/BrightnessSolutionKernel.O0.o BrightnessSolutionKernel.cpp
Tue 23:53: INFO    : /opt/maxeler/maxcompiler/lib/clang/bin/start.sh clang++ -fPIC -B/opt/maxeler/maxcompiler/lib/gcc -fbracket-depth=1024 -D_GLIBCXX__PTHREADS -D__USE_XOPEN2K8 -O3  -I. -I/opt/maxeler/maxcompiler/lib/boost/include -I/opt/maxeler/maxcompiler/lib/maxeleros-sim/include -I/opt/maxeler/maxcompiler/lib/lwip_sim -I/opt/maxeler/maxcompiler/lib/lwip_sim/include -I/opt/maxeler/maxcompiler/lib/lwip_sim/include/arch -I/opt/maxeler/maxcompiler/lib/lwip_sim/include/ipv4  -DHAVE_KERNELS -DMAXFILE_INC="../../MaxCompilerDesignData.dat" -g0  -DSLIC_NO_DECLARATIONS   -MM -MP -MT objdir/BrightnessSolutionKernel.O0.o \
Tue 23:53: INFO    : 		BrightnessSolutionKernel.cpp > objdir/BrightnessSolutionKernel.O0.d
Tue 23:53: INFO    : /opt/maxeler/maxcompiler/lib/clang/bin/start.sh clang++ -c -fPIC -B/opt/maxeler/maxcompiler/lib/gcc -fbracket-depth=1024 -D_GLIBCXX__PTHREADS -D__USE_XOPEN2K8 -O3  -I. -I/opt/maxeler/maxcompiler/lib/boost/include -I/opt/maxeler/maxcompiler/lib/maxeleros-sim/include -I/opt/maxeler/maxcompiler/lib/lwip_sim -I/opt/maxeler/maxcompiler/lib/lwip_sim/include -I/opt/maxeler/maxcompiler/lib/lwip_sim/include/arch -I/opt/maxeler/maxcompiler/lib/lwip_sim/include/ipv4  -DHAVE_KERNELS -DMAXFILE_INC="../../MaxCompilerDesignData.dat" -g0  -DSLIC_NO_DECLARATIONS   -include-pch stdsimheader.h.gch -O2 -DOPTIMIZATION_LEVEL=2 -o objdir/BrightnessSolutionKernel_Templates.O2.o BrightnessSolutionKernel_Templates.cpp
Tue 23:53: INFO    : /opt/maxeler/maxcompiler/lib/clang/bin/start.sh clang++ -fPIC -B/opt/maxeler/maxcompiler/lib/gcc -fbracket-depth=1024 -D_GLIBCXX__PTHREADS -D__USE_XOPEN2K8 -O3  -I. -I/opt/maxeler/maxcompiler/lib/boost/include -I/opt/maxeler/maxcompiler/lib/maxeleros-sim/include -I/opt/maxeler/maxcompiler/lib/lwip_sim -I/opt/maxeler/maxcompiler/lib/lwip_sim/include -I/opt/maxeler/maxcompiler/lib/lwip_sim/include/arch -I/opt/maxeler/maxcompiler/lib/lwip_sim/include/ipv4  -DHAVE_KERNELS -DMAXFILE_INC="../../MaxCompilerDesignData.dat" -g0  -DSLIC_NO_DECLARATIONS   -MM -MP -MT objdir/BrightnessSolutionKernel_Templates.O2.o \
Tue 23:53: INFO    : 		BrightnessSolutionKernel_Templates.cpp > objdir/BrightnessSolutionKernel_Templates.O2.d
Tue 23:53: INFO    : /opt/maxeler/maxcompiler/lib/clang/bin/start.sh clang++ -c -fPIC -B/opt/maxeler/maxcompiler/lib/gcc -fbracket-depth=1024 -D_GLIBCXX__PTHREADS -D__USE_XOPEN2K8 -O3  -I. -I/opt/maxeler/maxcompiler/lib/boost/include -I/opt/maxeler/maxcompiler/lib/maxeleros-sim/include -I/opt/maxeler/maxcompiler/lib/lwip_sim -I/opt/maxeler/maxcompiler/lib/lwip_sim/include -I/opt/maxeler/maxcompiler/lib/lwip_sim/include/arch -I/opt/maxeler/maxcompiler/lib/lwip_sim/include/ipv4  -DHAVE_KERNELS -DMAXFILE_INC="../../MaxCompilerDesignData.dat" -g0  -DSLIC_NO_DECLARATIONS   -include-pch stdsimheader.h.gch -O0 -DOPTIMIZATION_LEVEL=0 -o objdir/max_msi.O0.o max_msi.cpp
Tue 23:53: INFO    : In file included from max_msi.cpp:19:
Tue 23:53: INFO    : /home/demo/Desktop/MaxCompiler-Builds/BrightnessSolution_VECTIS_DFE_SIM/scratch/software-sim/build/MaxFile.h:4:9: warning: '_QUOTE' macro redefined [-Wmacro-redefined]
Tue 23:53: INFO    : #define _QUOTE(what) #what
Tue 23:53: INFO    :         ^
Tue 23:53: INFO    : /opt/maxeler/maxcompiler/lib/maxeleros-sim/include/maxrt_error.h:87:9: note: previous definition is here
Tue 23:53: INFO    : #define _QUOTE(x) #x
Tue 23:53: INFO    :         ^
Tue 23:54: INFO    : 1 warning generated.
Tue 23:54: INFO    : /opt/maxeler/maxcompiler/lib/clang/bin/start.sh clang++ -fPIC -B/opt/maxeler/maxcompiler/lib/gcc -fbracket-depth=1024 -D_GLIBCXX__PTHREADS -D__USE_XOPEN2K8 -O3  -I. -I/opt/maxeler/maxcompiler/lib/boost/include -I/opt/maxeler/maxcompiler/lib/maxeleros-sim/include -I/opt/maxeler/maxcompiler/lib/lwip_sim -I/opt/maxeler/maxcompiler/lib/lwip_sim/include -I/opt/maxeler/maxcompiler/lib/lwip_sim/include/arch -I/opt/maxeler/maxcompiler/lib/lwip_sim/include/ipv4  -DHAVE_KERNELS -DMAXFILE_INC="../../MaxCompilerDesignData.dat" -g0  -DSLIC_NO_DECLARATIONS   -MM -MP -MT objdir/max_msi.O0.o \
Tue 23:54: INFO    : 		max_msi.cpp > objdir/max_msi.O0.d
Tue 23:54: INFO    : /opt/maxeler/maxcompiler/lib/clang/bin/start.sh clang++ -fPIC -shared -B/opt/maxeler/maxcompiler/lib/gcc -L/opt/maxeler/maxcompiler/lib/boost/lib -lboost_thread -lboost_system -lboost_filesystem -lrt -pthread -O2 -s  -o BrightnessSolution.so objdir/BrightnessSolutionKernel_exec0.NoTplInst.O2.o objdir/BrightnessSolutionKernel.O0.o objdir/BrightnessSolutionKernel_Templates.O2.o objdir/max_msi.O0.o StructToGroupDummy.o Mux.o DualAspectMux.o Demux.o Fanout.o CapRegs.o IFPGARegs.o ChecksumMem.o PCIe.o KernelManagerBlockSync.o DualAspectReg.o PullPushAdapter.o FilePullSource.o max_shared_fifo.o SharedFIFO.o Fifos.o FilePushSink.o SimTerminator.o Watch.o StreamStatus.o RunLengthExpander.o ManagerBlock.o MappedElements.o ManagerSync.o PullSync.o PushSync.o DynamicVarUInt.o SimException.o DebugStreams.o AddressGenerator.o MemoryControllerPro.o MemoryControllerRAM.o MemoryControllerCommand.o MemoryControllerStreams.o MemoryControllerConfig.o TCP.o Ethernet.o Timestamp.o /opt/maxeler/maxcompiler/lib/lwip_sim/lib/liblwip.a
Tue 23:54: INFO    : make[1]: Leaving directory `/home/demo/Desktop/MaxCompiler-Builds/BrightnessSolution_VECTIS_DFE_SIM/scratch/software-sim/build'
Tue 23:54: INFO    : Build pass 'SimCompilePass' took 24.1359 s.
Tue 23:54: PROGRESS: (3/3) - Generate MaxFile (AddSimObjectToMaxFilePass)
Tue 23:54: INFO    : Build pass 'AddSimObjectToMaxFilePass' took 293.457 ms.
Tue 23:54: INFO    : Final result files after build: 
Tue 23:54: INFO    : Running command: ln -sf "../scratch/BrightnessSolution-BrightnessSolutionKernel-original.pxg"
Tue 23:54: INFO    : BrightnessSolution-BrightnessSolutionKernel-original.pxg (BuildFilePXG)
Tue 23:54: INFO    : Running command: ln -sf "../scratch/BrightnessSolutionKernel_Configuration.txt"
Tue 23:54: INFO    : BrightnessSolutionKernel_Configuration.txt (BuildFile)
Tue 23:54: INFO    : Running command: ln -sf "../scratch/BrightnessSolutionKernel_NodeDiary.txt"
Tue 23:54: INFO    : BrightnessSolutionKernel_NodeDiary.txt (BuildFile)
Tue 23:54: INFO    : Running command: ln -sf "../scratch/BrightnessSolution-BrightnessSolutionKernel-final-simulation.pxg"
Tue 23:54: INFO    : BrightnessSolution-BrightnessSolutionKernel-final-simulation.pxg (BuildFilePXG)
Tue 23:54: INFO    : Running command: ln -sf "../scratch/BrightnessSolution.xml"
Tue 23:54: INFO    : BrightnessSolution.xml (BuildFile)
Tue 23:54: INFO    : Running command: ln -sf "../scratch/BrightnessSolution.h"
Tue 23:54: INFO    : BrightnessSolution.h (BuildFileSlicH)
Tue 23:54: INFO    : Running command: ln -sf "../scratch/BrightnessSolution.max"
Tue 23:54: INFO    : BrightnessSolution.max (BuildFileMaxFile)
Tue 23:54: INFO    : Result files will be copied to '/home/demo/Desktop/training-exercises/Solution/training-chap01-solution1-brightness/RunRules/Simulation/maxfiles'
Tue 23:54: INFO    : Result 'BrightnessSolution-BrightnessSolutionKernel-original.pxg' is identical to '/home/demo/Desktop/training-exercises/Solution/training-chap01-solution1-brightness/RunRules/Simulation/maxfiles/BrightnessSolution-BrightnessSolutionKernel-original.pxg': not overwriting.
Tue 23:54: INFO    : Result 'BrightnessSolution-BrightnessSolutionKernel-final-simulation.pxg' is identical to '/home/demo/Desktop/training-exercises/Solution/training-chap01-solution1-brightness/RunRules/Simulation/maxfiles/BrightnessSolution-BrightnessSolutionKernel-final-simulation.pxg': not overwriting.
Tue 23:54: INFO    : Result 'BrightnessSolution.h' is identical to '/home/demo/Desktop/training-exercises/Solution/training-chap01-solution1-brightness/RunRules/Simulation/maxfiles/BrightnessSolution.h': not overwriting.
Tue 23:54: INFO    : Result 'BrightnessSolution.max' is identical to '/home/demo/Desktop/training-exercises/Solution/training-chap01-solution1-brightness/RunRules/Simulation/maxfiles/BrightnessSolution.max': not overwriting.
Tue 23:54: PROGRESS: MaxFile: /home/demo/Desktop/MaxCompiler-Builds/BrightnessSolution_VECTIS_DFE_SIM/results/BrightnessSolution.max (MD5Sum: ae34e3d518e5091b7115a5849141f8ae)
Tue 23:54: INFO    : Waiting for any outstanding jobs to finish... 
Tue 23:54: PROGRESS: Build completed: Tue Jul 19 23:54:03 PDT 2016 (took 32 secs)
