Wed 19:11: PROGRESS: MaxCompiler version: 2015.2 (simulation only)
Wed 19:11: PROGRESS: Build "DotProduct" start time: Wed Jul 20 19:11:36 PDT 2016
Wed 19:11: PROGRESS: Main build process running as user demo on host localhost.localdomain
Wed 19:11: INFO    : Loading build properties from bundled MaxCompiler_build.conf...
Wed 19:11: INFO    : No default external build property file has been specified.
Wed 19:11: INFO    : (Set environment variable MAXCOMPILER_DEFAULT_CONF_FILE to assign one)
Wed 19:11: INFO    : Loading user build properties from: /home/demo/.MaxCompiler_build_user.conf
Wed 19:11: INFO    : No user-specified external build property file has been specified.
Wed 19:11: INFO    : (Set environment variable MAXCOMPILER_BUILD_CONF_FILE to assign one)
Wed 19:11: INFO    : Loading additional parameters from MAXCOMPILER_BUILD_CONF environment variable
Wed 19:11: PROGRESS: Build location: /home/demo/Desktop/MaxCompiler-Builds/DotProduct_VECTIS_DFE_SIM
Wed 19:11: PROGRESS: Detailed build log available in "_build.log"
Wed 19:11: INFO    : Created build manager DotProduct (DotProduct_VECTIS_DFE_SIM Wed Jul 20 19:11:36 PDT 2016). (19:11:36 20/07/16)
Wed 19:11: INFO    : Working in dir: /home/demo/Desktop/MaxCompiler-Builds/DotProduct_VECTIS_DFE_SIM
Wed 19:11: INFO    : Java class path (2 paths):
Wed 19:11: INFO    : 	/home/demo/workspace/Sol1a_DotProduct/EngineCode/bin
Wed 19:11: INFO    : 	/opt/maxeler/maxcompiler/lib/MaxCompiler.jar
Wed 19:11: INFO    : Java process started by 'main' method in class 'dotproduct.DotProductManager'.
Wed 19:11: INFO    : build.arbitrated_core_cache parameter is blank, not using core-cache
Wed 19:11: INFO    : Checking license files in directory: /opt/maxeler/maxcompiler/licenses
Wed 19:11: INFO    : All license signatures valid.
Wed 19:11: PROGRESS: Instantiating manager
Wed 19:11: INFO    : Deleting /home/demo/Desktop/MaxCompiler-Builds/DotProduct_VECTIS_DFE_SIM/scratch/DotProductKernel.graphs
Wed 19:11: PROGRESS: Instantiating kernel "DotProductKernel"
Wed 19:11: INFO    : Backing-up source-files (old source files in build directory will be removed first)...
Wed 19:11: INFO    : Source directories: /home/demo/workspace/Sol1a_DotProduct/EngineCode/src:
Wed 19:11: INFO    : Deleting directory: src
Wed 19:11: INFO    : Copying source-files took 3.25896 ms
Wed 19:11: PROGRESS: Compiling manager (CPU I/O Only)
Wed 19:11: INFO    : Backing-up source-files (old source files in build directory will be removed first)...
Wed 19:11: INFO    : Source directories: /home/demo/workspace/Sol1a_DotProduct/EngineCode/src:
Wed 19:11: INFO    : Deleting directory: src
Wed 19:11: INFO    : Copying source-files took 2.63183 ms
Wed 19:11: INFO    : Manager Configuration:
Wed 19:11: INFO    : 	ManagerConfiguration.allowNonMultipleTransitions = false                                                         [Init: false]
Wed 19:11: INFO    : 	ManagerConfiguration.board = MAX3424A                                                                            [Init: null, init: MAX3424A]
Wed 19:11: INFO    : 	ManagerConfiguration.build.buildEffort = MEDIUM                                                                  [Init: MEDIUM]
Wed 19:11: INFO    : 	ManagerConfiguration.build.enableChipScopeInserter = false                                                       [Init: false]
Wed 19:11: INFO    : 	ManagerConfiguration.build.enableTimingAnalysis = true                                                           [Init: true]
Wed 19:11: INFO    : 	ManagerConfiguration.build.level = FULL_BUILD                                                                    [Init: FULL_BUILD]
Wed 19:11: INFO    : 	ManagerConfiguration.build.mpprContinueAfterMeetingTiming = false                                                [Init: false]
Wed 19:11: INFO    : 	ManagerConfiguration.build.mpprCtMax = 1                                                                         [Init: 1]
Wed 19:11: INFO    : 	ManagerConfiguration.build.mpprCtMin = 1                                                                         [Init: 1]
Wed 19:11: INFO    : 	ManagerConfiguration.build.mpprParallelism = 1                                                                   [Init: 1]
Wed 19:11: INFO    : 	ManagerConfiguration.build.mpprRetryMissesThrshld = 0                                                            [Init: 0]
Wed 19:11: INFO    : 	ManagerConfiguration.build.optGoal = BALANCED                                                                    [Init: BALANCED]
Wed 19:11: INFO    : 	ManagerConfiguration.build.physSynthAsyncPipelining = AUTO                                                       [Init: AUTO]
Wed 19:11: INFO    : 	ManagerConfiguration.build.physSynthCombLogic = AUTO                                                             [Init: AUTO]
Wed 19:11: INFO    : 	ManagerConfiguration.build.physSynthCombLogicForArea = AUTO                                                      [Init: AUTO]
Wed 19:11: INFO    : 	ManagerConfiguration.build.physSynthEffort = AUTO                                                                [Init: AUTO]
Wed 19:11: INFO    : 	ManagerConfiguration.build.physSynthRegDuplication = AUTO                                                        [Init: AUTO]
Wed 19:11: INFO    : 	ManagerConfiguration.build.physSynthRetiming = AUTO                                                              [Init: AUTO]
Wed 19:11: INFO    : 	ManagerConfiguration.build.physicalSynthesis = false                                                             [Init: false]
Wed 19:11: INFO    : 	ManagerConfiguration.buildTarget = DFE_SIM                                                                       [Init: null, init: DFE_SIM]
Wed 19:11: INFO    : 	ManagerConfiguration.debug.chipscopeCaptureDepth = 4096                                                          [Init: 4096]
Wed 19:11: INFO    : 	ManagerConfiguration.debug.fifoUnderOverFlowRegs = false                                                         [Init: false]
Wed 19:11: INFO    : 	ManagerConfiguration.debug.memCtlDebugRegs = true                                                                [Init: true]
Wed 19:11: INFO    : 	ManagerConfiguration.debug.memCtlExtraDebugRegs = false                                                          [Init: false]
Wed 19:11: INFO    : 	ManagerConfiguration.debug.memMarginingSupport = false                                                           [Init: false]
Wed 19:11: INFO    : 	ManagerConfiguration.debug.memPhyDebugRegister = NONE                                                            [Init: NONE]
Wed 19:11: INFO    : 	ManagerConfiguration.debug.memPllLockDebugRegs = true                                                            [Init: true]
Wed 19:11: INFO    : 	ManagerConfiguration.debug.streamStatus = false                                                                  [Init: false]
Wed 19:11: INFO    : 	ManagerConfiguration.debug.streamStatusChecksums = false                                                         [Init: false]
Wed 19:11: INFO    : 	ManagerConfiguration.dram.addressGeneratorsInSlowClock = false                                                   [Init: false]
Wed 19:11: INFO    : 	ManagerConfiguration.dram.arbitrationMode = ROUND_ROBIN                                                          [Init: ROUND_ROBIN]
Wed 19:11: INFO    : 	ManagerConfiguration.dram.burstSize = 8                                                                          [Init: 8]
Wed 19:11: INFO    : 	ManagerConfiguration.dram.cmdFifoInReg = false                                                                   [Init: false]
Wed 19:11: INFO    : 	ManagerConfiguration.dram.cmdFifoLutRam = false                                                                  [Init: false]
Wed 19:11: INFO    : 	ManagerConfiguration.dram.cmdFifoRegInRam = true                                                                 [Init: true]
Wed 19:11: INFO    : 	ManagerConfiguration.dram.cmdFifoSize = 31                                                                       [Init: 31]
Wed 19:11: INFO    : 	ManagerConfiguration.dram.commandEchoModeEnabled = false                                                         [Init: false]
Wed 19:11: INFO    : 	ManagerConfiguration.dram.commandEchoModeFifoDepth = 512                                                         [Init: 512]
Wed 19:11: INFO    : 	ManagerConfiguration.dram.commandEchoModeStreamAlmostEmptyLatency = 792                                          [Init: 792]
Wed 19:11: INFO    : 	ManagerConfiguration.dram.commandEchoModeStreamAlmostEmptyLatency = 8                                            [Init: 8]
Wed 19:11: INFO    : 	ManagerConfiguration.dram.commandEchoModeStreamStallLatency = 8                                                  [Init: 8]
Wed 19:11: INFO    : 	ManagerConfiguration.dram.dataFifoDepth = 512                                                                    [Init: 512]
Wed 19:11: INFO    : 	ManagerConfiguration.dram.dataFifoLutRam = false                                                                 [Init: false]
Wed 19:11: INFO    : 	ManagerConfiguration.dram.dataFifoWidth = 792                                                                    [Init: 792]
Wed 19:11: INFO    : 	ManagerConfiguration.dram.eccMode = false                                                                        [Init: false]
Wed 19:11: INFO    : 	ManagerConfiguration.dram.fabricDataFifoReg = true                                                               [Init: true]
Wed 19:11: INFO    : 	ManagerConfiguration.dram.fabricRdDataFifoReg = false                                                            [Init: false]
Wed 19:11: INFO    : 	ManagerConfiguration.dram.flagSupport = false                                                                    [Init: false]
Wed 19:11: INFO    : 	ManagerConfiguration.dram.highPrioStream = false                                                                 [Init: false]
Wed 19:11: INFO    : 	ManagerConfiguration.dram.max2CompatMode = false                                                                 [Init: false]
Wed 19:11: INFO    : 	ManagerConfiguration.dram.max4m_GALAVA_MCP_UseRefClk = false                                                     [Init: false]
Wed 19:11: INFO    : 	ManagerConfiguration.dram.max4m_MAIA_MCP_UseRefClk = false                                                       [Init: false]
Wed 19:11: INFO    : 	ManagerConfiguration.dram.max4qrateMode = false                                                                  [Init: false]
Wed 19:11: INFO    : 	ManagerConfiguration.dram.memCmdIncSize = 8                                                                      [Init: 8]
Wed 19:11: INFO    : 	ManagerConfiguration.dram.memCmdStartAddrSize = 32                                                               [Init: 32]
Wed 19:11: INFO    : 	ManagerConfiguration.dram.onCardMemFreq = 303.0                                                                  [Init: 0.0, change: 303.0]
Wed 19:11: INFO    : 	ManagerConfiguration.dram.parEccDebugStream = false                                                              [Init: false]
Wed 19:11: INFO    : 	ManagerConfiguration.dram.parityEccWidth = 0                                                                     [Init: 0]
Wed 19:11: INFO    : 	ManagerConfiguration.dram.parityMode = false                                                                     [Init: false]
Wed 19:11: INFO    : 	ManagerConfiguration.dram.perdqsPhaseDetect = false                                                              [Init: false]
Wed 19:11: INFO    : 	ManagerConfiguration.dram.performanceMode = true                                                                 [Init: true]
Wed 19:11: INFO    : 	ManagerConfiguration.enableMPCX = false                                                                          [Init: false, init: false]
Wed 19:11: INFO    : 	ManagerConfiguration.maxring.maxringConnections = []                                                             [Init: []]
Wed 19:11: INFO    : 	ManagerConfiguration.maxring.maxringNumLanes = {MAXRING_A=2, MAXRING_LITE_B=1, MAXRING_LITE_A=1, MAXRING_B=2}    [Init: {}]
Wed 19:11: INFO    : 	ManagerConfiguration.multiCycleMappedMemoryBus = false                                                           [Init: false]
Wed 19:11: INFO    : 	ManagerConfiguration.network.qsfp0Mode = QSFP_OFF                                                                [Init: QSFP_OFF]
Wed 19:11: INFO    : 	ManagerConfiguration.network.qsfp1Mode = QSFP_OFF                                                                [Init: QSFP_OFF]
Wed 19:11: INFO    : 	ManagerConfiguration.network.qsfp2Mode = QSFP_OFF                                                                [Init: QSFP_OFF]
Wed 19:11: INFO    : 	ManagerConfiguration.network.qsfp3Mode = QSFP_OFF                                                                [Init: QSFP_OFF]
Wed 19:11: INFO    : 	ManagerConfiguration.network.qsfp4Mode = QSFP_OFF                                                                [Init: QSFP_OFF]
Wed 19:11: INFO    : 	ManagerConfiguration.network.qsfp5Mode = QSFP_OFF                                                                [Init: QSFP_OFF]
Wed 19:11: INFO    : 	ManagerConfiguration.network.qsfp6Mode = QSFP_OFF                                                                [Init: QSFP_OFF]
Wed 19:11: INFO    : 	ManagerConfiguration.network.qsfp7Mode = QSFP_OFF                                                                [Init: QSFP_OFF]
Wed 19:11: INFO    : 	ManagerConfiguration.pcie.numPCIeLanes = 0                                                                       [Init: 0]
Wed 19:11: INFO    : 	ManagerConfiguration.pcie.pcieFastClock = false                                                                  [Init: false]
Wed 19:11: INFO    : 	ManagerConfiguration.pcie.streamFromHostMaxNum = 8                                                               [Init: 0, change: 8]
Wed 19:11: INFO    : 	ManagerConfiguration.pcie.streamToHostMaxNum = 8                                                                 [Init: 0, change: 8]
Wed 19:11: INFO    : 	ManagerConfiguration.persona.boardModel = MAX3424A                                                               [Init: null, change: MAX3424A]
Wed 19:11: INFO    : 	ManagerConfiguration.persona.ddr3Enable = false                                                                  [Init: false]
Wed 19:11: INFO    : 	ManagerConfiguration.persona.ddr3Frq = 303.0                                                                     [Init: 400.0, change: 303.0]
Wed 19:11: INFO    : 	ManagerConfiguration.persona.ddr3Qmode = false                                                                   [Init: false]
Wed 19:11: INFO    : 	ManagerConfiguration.persona.disableMultiplePersona = true                                                       [Init: true]
Wed 19:11: INFO    : 	ManagerConfiguration.persona.dynamic_scaling = false                                                             [Init: false]
Wed 19:11: INFO    : 	ManagerConfiguration.persona.enableCPLDOverrideOutpus = false                                                    [Init: false]
Wed 19:11: INFO    : 	ManagerConfiguration.persona.enableJDFEPTPTestLogic = false                                                      [Init: false]
Wed 19:11: INFO    : 	ManagerConfiguration.persona.maxRingLocal = false                                                                [Init: false]
Wed 19:11: INFO    : 	ManagerConfiguration.persona.maxRingOptical = false                                                              [Init: false]
Wed 19:11: INFO    : 	ManagerConfiguration.persona.maxringDataRate = 2500.0                                                            [Init: 2500.0]
Wed 19:11: INFO    : 	ManagerConfiguration.persona.maxringOpticalDataRate = 10000.0                                                    [Init: 10000.0]
Wed 19:11: INFO    : 	ManagerConfiguration.persona.mode = InitMode                                                                     [Init: InitMode]
Wed 19:11: INFO    : 	ManagerConfiguration.persona.networkPTP = OFF                                                                    [Init: OFF]
Wed 19:11: INFO    : 	ManagerConfiguration.persona.panMaxRingA = false                                                                 [Init: false]
Wed 19:11: INFO    : 	ManagerConfiguration.persona.panMaxRingB = false                                                                 [Init: false]
Wed 19:11: INFO    : 	ManagerConfiguration.persona.personaInterfaceVersion = 1                                                         [Init: 1]
Wed 19:11: INFO    : 	ManagerConfiguration.persona.qdr2Enable = false                                                                  [Init: false]
Wed 19:11: INFO    : 	ManagerConfiguration.persona.qdr2Frq = 350.0                                                                     [Init: 350.0]
Wed 19:11: INFO    : 	ManagerConfiguration.persona.streamClks = 1                                                                      [Init: 1]
Wed 19:11: INFO    : 	ManagerConfiguration.persona.streamFrq = [100.0]                                                                 [Init: [150.0], change: [100.0]]
Wed 19:11: INFO    : 	ManagerConfiguration.persona.streamPs = [0]                                                                      [Init: [0]]
Wed 19:11: INFO    : 	ManagerConfiguration.persona.usePCIeGen1 = false                                                                 [Init: false]
Wed 19:11: INFO    : 	ManagerConfiguration.simulation.nativeFloatingPoint = false                                                      [Init: false]
Wed 19:11: INFO    : 	ManagerConfiguration.streamClockFrq = 100                                                                        [Init: 100]
Wed 19:11: INFO    : 	ManagerConfiguration.useLegacyStreamFIFOs = false                                                                [Init: false]
Wed 19:11: INFO    : 
Wed 19:11: INFO    :  -- 
Wed 19:11: PROGRESS: 
Wed 19:11: PROGRESS: Compiling kernel "DotProductKernel"
Wed 19:11: INFO    : Configuration:
Wed 19:11: INFO    : 	KernelConfiguration.additionalInputPipelining = 64                                          [Init: 64]
Wed 19:11: INFO    : 	KernelConfiguration.allowDSPCascading = true                                                [Init: true]
Wed 19:11: INFO    : 	KernelConfiguration.allowInputsOutputsBeforeFlushNode = false                               [Init: false]
Wed 19:11: INFO    : 	KernelConfiguration.allowZeroLatencyNodeHold = false                                        [Init: false]
Wed 19:11: INFO    : 	KernelConfiguration.board = MAX3424A                                                        [Init: MAX2116B, change: MAX3424A]
Wed 19:11: INFO    : 	KernelConfiguration.bramBitsThreshold = 2080                                                [Init: 2080]
Wed 19:11: INFO    : 	KernelConfiguration.buildTarget = MAXCOMPILERSIM_HOST_DRIVEN                                [Init: NONE, change: MAXCOMPILERSIM_HOST_DRIVEN]
Wed 19:11: INFO    : 	KernelConfiguration.cePipelining = 2                                                        [Init: 2]
Wed 19:11: INFO    : 	KernelConfiguration.clockPhaseBalanceThreshold = 0.1                                        [Init: 0.1]
Wed 19:11: INFO    : 	KernelConfiguration.clockPhasingRetries = 50                                                [Init: 50]
Wed 19:11: INFO    : 	KernelConfiguration.dumpNeighboursString =                                                  [Init: ]
Wed 19:11: INFO    : 	KernelConfiguration.enableCeReplication = true                                              [Init: true]
Wed 19:11: INFO    : 	KernelConfiguration.enableClockPhasePartitioning = false                                    [Init: false]
Wed 19:11: INFO    : 	KernelConfiguration.enableDebugIOControlRegs = true                                         [Init: true]
Wed 19:11: INFO    : 	KernelConfiguration.enableDummyBuild = false                                                [Init: false]
Wed 19:11: INFO    : 	KernelConfiguration.enableKernelProfiler = false                                            [Init: false]
Wed 19:11: INFO    : 	KernelConfiguration.enablePipelinedComputeController = false                                [Init: false]
Wed 19:11: INFO    : 	KernelConfiguration.enableShadowRegister = false                                            [Init: false]
Wed 19:11: INFO    : 	KernelConfiguration.enableSmartKernelControl = false                                        [Init: false]
Wed 19:11: INFO    : 	KernelConfiguration.fifoSrlRegisterStages = 1                                               [Init: 1]
Wed 19:11: INFO    : 	KernelConfiguration.flushOnInputDataCongtiguous = false                                     [Init: false]
Wed 19:11: INFO    : 	KernelConfiguration.hardwareDebugDepth = 512                                                [Init: 512]
Wed 19:11: INFO    : 	KernelConfiguration.hwHierarchyMode = UNSET                                                 [Init: UNSET]
Wed 19:11: INFO    : 	KernelConfiguration.latencyAnnotation = false                                               [Init: false]
Wed 19:11: INFO    : 	KernelConfiguration.latencyAnnotationIOs =                                                  [Init: null]
Wed 19:11: INFO    : 	KernelConfiguration.maxCoalescedFifoWidth = 2147483647                                      [Init: 2147483647]
Wed 19:11: INFO    : 	KernelConfiguration.maxPreAdderFanOut = 1                                                   [Init: 1]
Wed 19:11: INFO    : 	KernelConfiguration.netlistMode = false                                                     [Init: false]
Wed 19:11: INFO    : 	KernelConfiguration.numPhotonStateMachines = 1                                              [Init: 1]
Wed 19:11: INFO    : 	KernelConfiguration.optimizations.ceCounterRegisterDuplication = 1                          [Init: 1]
Wed 19:11: INFO    : 	KernelConfiguration.optimizations.conditionalArithmetic = false                             [Init: true, Init after BuildTarget change: false]
Wed 19:11: INFO    : 	KernelConfiguration.optimizations.counterChainWrapPipelining = 0                            [Init: 0]
Wed 19:11: INFO    : 	KernelConfiguration.optimizations.dspAddChain = OPTIMISE_IGNORE_PREADDER                    [Init: null, Init after BuildTarget change: OPTIMISE_IGNORE_PREADDER]
Wed 19:11: INFO    : 	KernelConfiguration.optimizations.enableActiveFanoutReduction = false                       [Init: false]
Wed 19:11: INFO    : 	KernelConfiguration.optimizations.enableBUFGCE = false                                      [Init: false]
Wed 19:11: INFO    : 	KernelConfiguration.optimizations.enableBetterInputRegistering = false                      [Init: false]
Wed 19:11: INFO    : 	KernelConfiguration.optimizations.enableBetterRegistering = false                           [Init: false]
Wed 19:11: INFO    : 	KernelConfiguration.optimizations.enableFIFOCoalescingAcrossPlacementConstraints = false    [Init: false]
Wed 19:11: INFO    : 	KernelConfiguration.optimizations.enableFifoCoalescing = true                               [Init: true]
Wed 19:11: INFO    : 	KernelConfiguration.optimizations.enableFullPrecisionBinaryOpConstants = false              [Init: false]
Wed 19:11: INFO    : 	KernelConfiguration.optimizations.enableIntegratedRounding = false                          [Init: false]
Wed 19:11: INFO    : 	KernelConfiguration.optimizations.enableMappedMemoryHostReadBack = true                     [Init: true]
Wed 19:11: INFO    : 	KernelConfiguration.optimizations.enableMultiCycleReset = false                             [Init: false]
Wed 19:11: INFO    : 	KernelConfiguration.optimizations.enablePowerTwoFloatMult = true                            [Init: true]
Wed 19:11: INFO    : 	KernelConfiguration.optimizations.enableRedundantNodeDeletion = true                        [Init: true]
Wed 19:11: INFO    : 	KernelConfiguration.optimizations.enableStateMachineRegisterMerging = true                  [Init: true]
Wed 19:11: INFO    : 	KernelConfiguration.optimizations.inputFlushDistanceFactor = 0                              [Init: 0]
Wed 19:11: INFO    : 	KernelConfiguration.optimizations.minimumStaticFIFOSplitDepth = 1                           [Init: 1]
Wed 19:11: INFO    : 	KernelConfiguration.optimizations.optimizationTechnique = DEFAULT                           [Init: DEFAULT]
Wed 19:11: INFO    : 	KernelConfiguration.optimizations.triAdd = false                                            [Init: true, Init after BuildTarget change: false]
Wed 19:11: INFO    : 	KernelConfiguration.partialReconfBlockName =                                                [Init: ]
Wed 19:11: INFO    : 	KernelConfiguration.partialReconfMode = false                                               [Init: false]
Wed 19:11: INFO    : 	KernelConfiguration.partialReconfTemplate = false                                           [Init: false]
Wed 19:11: INFO    : 	KernelConfiguration.replicateNodeCeLog2NumPartitions = 0                                    [Init: 0]
Wed 19:11: INFO    : 	KernelConfiguration.romBRAMBitsThreshold = 2080                                             [Init: 2080]
Wed 19:11: INFO    : 	KernelConfiguration.simulation.ramAddressCollisionBehaviour = EXCEPTION                     [Init: EXCEPTION]
Wed 19:11: INFO    : 	KernelConfiguration.simulation.ramOutOfBoundsAccessBehaviour = EXCEPTION                    [Init: EXCEPTION]
Wed 19:11: INFO    : 	KernelConfiguration.simulation.simProgressMessageFrequency = 0                              [Init: 0]
Wed 19:11: INFO    : 
Wed 19:11: INFO    :  -- 
Wed 19:11: INFO    : Writing current graph to: DotProduct-DotProductKernel-original.pxg
Wed 19:11: INFO    : Running kernel graph-pass 'GeneratePXG'.
Wed 19:11: INFO    : Graph-pass 'GeneratePXG' took 53.4950 ms (1 iterations)
Wed 19:11: INFO    : Running kernel graph-pass 'MarkConstantPass'.
Wed 19:11: INFO    : Graph-pass 'MarkConstantPass' took 1.34956 ms (1 iterations)
Wed 19:11: INFO    : Running kernel graph-pass 'ReachabilityPass'.
Wed 19:11: INFO    : Graph-pass 'ReachabilityPass' took 1.01164 ms (1 iterations)
Wed 19:11: INFO    : Running kernel graph-pass 'FindInputsLeadingToFlush'.
Wed 19:11: INFO    : Graph-pass 'FindInputsLeadingToFlush' took 87.4410 µs (1 iterations)
Wed 19:11: INFO    : Running kernel graph-pass 'CheckForStatefulToFlushViolations'.
Wed 19:11: INFO    : Graph-pass 'CheckForStatefulToFlushViolations' took 297.391 µs (1 iterations)
Wed 19:11: INFO    : Running kernel graph-pass 'CheckForInputToFlushViolations'.
Wed 19:11: INFO    : Graph-pass 'CheckForInputToFlushViolations' took 775.579 µs (1 iterations)
Wed 19:11: INFO    : Deleting directory: neighbours
Wed 19:11: INFO    : Running Photon pre-schedule graph optimisations
Wed 19:11: INFO    : Running kernel graph-pass 'AlignOrEradicatePrintfs'.
Wed 19:11: INFO    : Graph-pass 'AlignOrEradicatePrintfs' took 69.3070 µs (1 iterations)
Wed 19:11: INFO    : Running kernel graph-pass 'FoldConstantsPass'.
Wed 19:11: INFO    : Graph-pass 'FoldConstantsPass' took 587.827 µs (1 iterations)
Wed 19:11: INFO    : Running kernel graph-pass 'OptimiseNodesPass'.
Wed 19:11: INFO    : Graph-pass 'OptimiseNodesPass' took 3.82685 ms (2 iterations)
Wed 19:11: INFO    : Running kernel graph-pass 'DeleteRedundantNodes'.
Wed 19:11: INFO    : Graph-pass 'DeleteRedundantNodes' took 131.489 µs (1 iterations)
Wed 19:11: INFO    : Running kernel graph-pass 'DSPMultiplyAddExtractionPass'.
Wed 19:11: INFO    : Optimized 0 sub-graphs into DSP multiply/add chains (Virtex5 mode).
Wed 19:11: INFO    : Graph-pass 'DSPMultiplyAddExtractionPass' took 6.49530 ms (1 iterations)
Wed 19:11: INFO    : Running kernel graph-pass 'PO2FPMultOptimiser'.
Wed 19:11: INFO    : Graph-pass 'PO2FPMultOptimiser' took 65.0820 µs (1 iterations)
Wed 19:11: INFO    : Running Photon simulation preparation
Wed 19:11: INFO    : Running kernel graph-pass 'PrepareSimulationPass'.
Wed 19:11: INFO    : Graph-pass 'PrepareSimulationPass' took 37.0020 µs (1 iterations)
Wed 19:11: INFO    : Logging Photon stats to: DotProductKernel_photon_stats.csv
Wed 19:11: INFO    : Deleting /home/demo/Desktop/MaxCompiler-Builds/DotProduct_VECTIS_DFE_SIM/scratch/DotProductKernel_photon_stats.csv
Wed 19:11: INFO    : Running kernel graph-pass 'StatsPass'.
Wed 19:11: INFO    : Graph-pass 'StatsPass' took 1.18298 ms (1 iterations)
Wed 19:11: INFO    : Running kernel graph-pass 'CollectNumericExceptions'.
Wed 19:11: INFO    : Graph-pass 'CollectNumericExceptions' took 42.8150 µs (1 iterations)
Wed 19:11: INFO    : Running kernel graph-pass 'StreamOffsetDivExpand'.
Wed 19:11: INFO    : Graph-pass 'StreamOffsetDivExpand' took 109.921 µs (1 iterations)
Wed 19:11: INFO    : Running kernel graph-pass 'FindIllegalLoops'.
Wed 19:11: INFO    : Graph-pass 'FindIllegalLoops' took 524.689 µs (1 iterations)
Wed 19:11: INFO    : Running kernel graph-pass 'MarkConstantPass'.
Wed 19:11: INFO    : Graph-pass 'MarkConstantPass' took 52.5930 µs (1 iterations)
Wed 19:11: INFO    : Running kernel graph-pass 'ScheduleVariables'.
Wed 19:11: INFO    : Graph-pass 'ScheduleVariables' took 2.43897 ms (1 iterations)
Wed 19:11: INFO    : Running kernel graph-pass 'SubstituteEqPlaceholders'.
Wed 19:11: INFO    : Graph-pass 'SubstituteEqPlaceholders' took 110.864 µs (1 iterations)
Wed 19:11: INFO    : Running kernel graph-pass 'ScheduleApplier'.
Wed 19:11: INFO    : Graph-pass 'ScheduleApplier' took 295.877 µs (1 iterations)
Wed 19:11: INFO    : Running kernel graph-pass 'MarkConstantPass'.
Wed 19:11: INFO    : Graph-pass 'MarkConstantPass' took 54.6710 µs (1 iterations)
Wed 19:11: INFO    : Running kernel graph-pass 'ScheduleDumper'.
Wed 19:11: INFO    : Graph-pass 'ScheduleDumper' took 1.36867 ms (1 iterations)
Wed 19:11: INFO    : Running Photon post-schedule graph optimisations (pass 1)
Wed 19:11: INFO    : Running kernel graph-pass 'TapFIFOsPass'.
Wed 19:11: INFO    : Graph-pass 'TapFIFOsPass' took 389.924 µs (1 iterations)
Wed 19:11: INFO    : Running kernel graph-pass 'FoldFIFOsPass'.
Wed 19:11: INFO    : Graph-pass 'FoldFIFOsPass' took 119.077 µs (1 iterations)
Wed 19:11: INFO    : Running kernel graph-pass 'MarkConstantPass'.
Wed 19:11: INFO    : Graph-pass 'MarkConstantPass' took 65.6920 µs (1 iterations)
Wed 19:11: INFO    : Running kernel graph-pass 'ValidateFIFOs'.
Wed 19:11: INFO    : Graph-pass 'ValidateFIFOs' took 39.5370 µs (1 iterations)
Wed 19:11: INFO    : Running kernel graph-pass 'MarkConstantPass'.
Wed 19:11: INFO    : Graph-pass 'MarkConstantPass' took 51.4080 µs (1 iterations)
Wed 19:11: INFO    : Running kernel graph-pass 'ScheduleDumper'.
Wed 19:11: INFO    : Graph-pass 'ScheduleDumper' took 1.05400 ms (1 iterations)
Wed 19:11: INFO    : Running kernel graph-pass 'MarkConstantPass'.
Wed 19:11: INFO    : Graph-pass 'MarkConstantPass' took 162.147 µs (1 iterations)
Wed 19:11: INFO    : Running kernel graph-pass 'ScheduleConstants'.
Wed 19:11: INFO    : Running command: "/opt/maxeler/maxcompiler/bin/cbc" "DotProductKernel_schedule_C.mps.gz" -threads 2 -solve  -printi csv -solu "DotProductKernel_schedule_C.csv" > "DotProductKernel_schedule_C.stdout.log"
Wed 19:11: INFO    : Checking for file hash changes...
Wed 19:11: INFO    : Hash changed for file: 'DotProductKernel_schedule_C.mps.gz'
Wed 19:11: INFO    : Optimum found: 0
Wed 19:11: INFO    : Graph-pass 'ScheduleConstants' took 73.1741 ms (1 iterations)
Wed 19:11: INFO    : Running kernel graph-pass 'MarkConstantPass'.
Wed 19:11: INFO    : Graph-pass 'MarkConstantPass' took 53.2530 µs (1 iterations)
Wed 19:11: INFO    : Running kernel graph-pass 'ScheduleDumper'.
Wed 19:11: INFO    : Graph-pass 'ScheduleDumper' took 564.855 µs (1 iterations)
Wed 19:11: INFO    : Running kernel graph-pass 'SubstituteEqPlaceholders'.
Wed 19:11: INFO    : Graph-pass 'SubstituteEqPlaceholders' took 45.9790 µs (1 iterations)
Wed 19:11: INFO    : Running kernel graph-pass 'RemoveDistMeasurementNodes'.
Wed 19:11: INFO    : Graph-pass 'RemoveDistMeasurementNodes' took 14.5770 µs (1 iterations)
Wed 19:11: INFO    : Running kernel graph-pass 'ScheduleApplier'.
Wed 19:11: INFO    : Graph-pass 'ScheduleApplier' took 158.683 µs (1 iterations)
Wed 19:11: INFO    : Maximum stream latency for kernel 'DotProductKernel': 15
Wed 19:11: INFO    : Using user logic for flush.
Wed 19:11: INFO    : Running Photon post-schedule graph optimisations (pass 2)
Wed 19:11: INFO    : Running kernel graph-pass 'TapFIFOsPass'.
Wed 19:11: INFO    : Graph-pass 'TapFIFOsPass' took 364.054 µs (1 iterations)
Wed 19:11: INFO    : Running kernel graph-pass 'FoldFIFOsPass'.
Wed 19:11: INFO    : Graph-pass 'FoldFIFOsPass' took 108.031 µs (1 iterations)
Wed 19:11: INFO    : Running kernel graph-pass 'MarkConstantPass'.
Wed 19:11: INFO    : Graph-pass 'MarkConstantPass' took 41.9490 µs (1 iterations)
Wed 19:11: INFO    : Running kernel graph-pass 'ScheduleAsserter'.
Wed 19:11: INFO    : Graph-pass 'ScheduleAsserter' took 222.965 µs (1 iterations)
Wed 19:11: INFO    : Running kernel graph-pass 'ReplaceEvalStreamOffsetNodes'.
Wed 19:11: INFO    : Graph-pass 'ReplaceEvalStreamOffsetNodes' took 34.8120 µs (1 iterations)
Wed 19:11: INFO    : Running kernel graph-pass 'FIFOReport'.
Wed 19:11: INFO    : Graph-pass 'FIFOReport' took 499.663 µs (1 iterations)
Wed 19:11: INFO    : Running kernel graph-pass 'StatsPass'.
Wed 19:11: INFO    : Graph-pass 'StatsPass' took 485.321 µs (1 iterations)
Wed 19:11: INFO    : Running kernel graph-pass 'RemoveUntypedConstants'.
Wed 19:11: INFO    : Graph-pass 'RemoveUntypedConstants' took 6.51623 ms (1 iterations)
Wed 19:11: INFO    : Running kernel graph-pass 'VariableSizeMappedRegInserter'.
Wed 19:11: INFO    : Graph-pass 'VariableSizeMappedRegInserter' took 39.6740 µs (1 iterations)
Wed 19:11: INFO    : Running kernel graph-pass 'MarkConstantPass'.
Wed 19:11: INFO    : Graph-pass 'MarkConstantPass' took 48.4030 µs (1 iterations)
Wed 19:11: INFO    : Running kernel graph-pass 'MakeMaxFileNodeData'.
Wed 19:11: INFO    : Graph-pass 'MakeMaxFileNodeData' took 1.26775 ms (1 iterations)
Wed 19:11: INFO    : Running kernel graph-pass 'MoveFanoutRegsForwards'.
Wed 19:11: INFO    : Graph-pass 'MoveFanoutRegsForwards' took 31.2980 µs (1 iterations)
Wed 19:11: INFO    : Optimization report for Kernel 'DotProductKernel'.
Wed 19:11: INFO    : Enabled optimizations:
Wed 19:11: INFO    : 	DSP-Multiplication
Wed 19:11: INFO    : 	Power-of-2 Floating Point
Wed 19:11: INFO    : Creating a preliminary MaxCompilerDesignData.dat. (@ CoreCompile DotProductKernel)
Wed 19:11: INFO    : Deleting /home/demo/Desktop/MaxCompiler-Builds/DotProduct_VECTIS_DFE_SIM/scratch/MaxCompilerDesignData.dat
Wed 19:11: INFO    : Total compilation of 'DotProductKernel' took 266.830 ms.
Wed 19:11: INFO    : Running kernel graph-pass 'MarkConstantPass'.
Wed 19:11: INFO    : Graph-pass 'MarkConstantPass' took 122.012 µs (1 iterations)
Wed 19:11: INFO    : Running kernel graph-pass 'MaxConstantLatency'.
Wed 19:11: INFO    : Graph-pass 'MaxConstantLatency' took 297.696 µs (1 iterations)
Wed 19:11: INFO    : Running kernel graph-pass 'SimCodeGraphPass'.
Wed 19:11: INFO    : Graph-pass 'SimCodeGraphPass' took 11.3781 ms (1 iterations)
Wed 19:11: INFO    : Writing current graph to: DotProduct-DotProductKernel-final-simulation.pxg
Wed 19:11: INFO    : Running kernel graph-pass 'GeneratePXG'.
Wed 19:11: INFO    : Graph-pass 'GeneratePXG' took 39.2866 ms (1 iterations)
Wed 19:11: INFO    : Deleting /home/demo/Desktop/MaxCompiler-Builds/DotProduct_VECTIS_DFE_SIM/scratch/Manager_DotProduct.graphs
Wed 19:11: INFO    : Running manager compiler graph-pass: GenerateMXGInfo
Wed 19:11: INFO    : Running manager compiler graph-pass: ScheduleStallLatency
Wed 19:11: INFO    : Running manager compiler graph-pass: ClockWidthAssignment
Wed 19:11: INFO    : Running manager compiler graph-pass: InsertDualAspectLogic
Wed 19:11: INFO    : Running manager compiler graph-pass: ClockWidthAssignment
Wed 19:11: INFO    : Running manager compiler graph-pass: InsertPullPushAdapter
Wed 19:11: INFO    : Running manager compiler graph-pass: ClockWidthAssignment
Wed 19:11: INFO    : Running manager compiler graph-pass: InsertStreamFifos
Wed 19:11: INFO    : Running manager compiler graph-pass: ClockWidthAssignment
Wed 19:11: INFO    : Running manager compiler graph-pass: InsertStreamStatus
Wed 19:11: INFO    : Running manager compiler graph-pass: InsertChipscope
Wed 19:11: INFO    : Inserted 0 chipscope manager nodes.
Wed 19:11: INFO    : Running manager compiler graph-pass: ClockWidthAssignment
Wed 19:11: INFO    : Running manager compiler graph-pass: ReportClockAssignments
Wed 19:11: INFO    : Running manager compiler graph-pass: BuildSoftwareSim
Wed 19:11: INFO    : Mapped register report:
Wed 19:11: INFO    : 	0	io_x_force_disabled	1bytes
Wed 19:11: INFO    : 	1	io_y_force_disabled	1bytes
Wed 19:11: INFO    : 	2	io_s_force_disabled	1bytes
Wed 19:11: INFO    : 	3	run_cycle_count	6bytes
Wed 19:11: INFO    : 	9	current_run_cycle_count	6bytes
Wed 19:11: INFO    : 	f	dbg_ctld_almost_empty	1bytes
Wed 19:11: INFO    : 	10	dbg_ctld_done	1bytes
Wed 19:11: INFO    : 	11	dbg_ctld_empty	1bytes
Wed 19:11: INFO    : 	12	dbg_ctld_read	1bytes
Wed 19:11: INFO    : 	13	dbg_ctld_read_pipe_dbg	1bytes
Wed 19:11: INFO    : 	14	dbg_ctld_request	1bytes
Wed 19:11: INFO    : 	15	dbg_done_out	1bytes
Wed 19:11: INFO    : 	16	dbg_fill_level	1bytes
Wed 19:11: INFO    : 	17	dbg_flush_level	1bytes
Wed 19:11: INFO    : 	18	dbg_flush_start	1bytes
Wed 19:11: INFO    : 	19	dbg_flush_start_level	1bytes
Wed 19:11: INFO    : 	1a	dbg_flushing	1bytes
Wed 19:11: INFO    : 	1b	dbg_full_level	1bytes
Wed 19:11: INFO    : 	1c	dbg_out_stall	1bytes
Wed 19:11: INFO    : 	1d	dbg_out_valid	1bytes
Wed 19:11: INFO    : 	1e	dbg_stall_vector	1bytes
Wed 19:11: INFO    : 	1f	ifpga_ctrl	1bytes
Wed 19:11: INFO    : 	20	SFA_FORWARD_EN	4bytes
Wed 19:11: INFO    : Mapped register chain length = 36
Wed 19:11: INFO    : Mapped register efficiency = 0.61 (177 / 288 bits)
Wed 19:11: INFO    : Mapped memory report:
Wed 19:11: INFO    : 	No mapped memories in this design.
Wed 19:11: INFO    : Running manager compiler graph-pass: GenerateMXGInfo
Wed 19:11: INFO    : Running manager compiler graph-pass: GenerateSlicHostCode
Wed 19:11: INFO    : Generating SLIC interface information
Wed 19:11: INFO    : Generating SLIC code for interface 'default'
Wed 19:11: INFO    : Skipping blacklisted scalar parameter 'DotProductKernel.current_run_cycle_count'
Wed 19:11: INFO    : Interface 'default' depends on parameter 'N'
Wed 19:11: INFO    : Generating XML description for Maxfile
Wed 19:11: INFO    : Generating XML description for mode 'default'
Wed 19:11: INFO    : Skipping blacklisted scalar parameter 'DotProductKernel.current_run_cycle_count'
Wed 19:11: INFO    : Interface 'default' depends on parameter 'N'
Wed 19:11: INFO    : Adding SLIC sections to the maxfile
Wed 19:11: INFO    : Adding user files to the maxfile
Wed 19:11: INFO    : Generating SLIC include file
Wed 19:11: INFO    : Done generating SLIC interface information
Wed 19:11: PROGRESS: Running back-end simulation build (3 phases)
Wed 19:11: PROGRESS: (1/3) - Prepare MaxFile Data (GenerateMaxFileDataFile)
Wed 19:11: INFO    : Build pass 'GenerateMaxFileDataFile' took 18.7015 ms.
Wed 19:11: PROGRESS: (2/3) - Compile Simulation Modules (SimCompilePass)
Wed 19:11: INFO    : Running command: make -j1
Wed 19:11: INFO    : Checking for file hash changes...
Wed 19:11: INFO    : Hash changed for file: 'tmp_resource_dump/DotProductKernel.cpp'
Wed 19:11: INFO    : Hash changed for file: 'tmp_resource_dump/DotProductKernel_exec0.cpp'
Wed 19:11: INFO    : Hash changed for file: 'tmp_resource_dump/DotProductKernel.h'
Wed 19:11: INFO    : Hash changed for file: '../../MaxCompilerDesignData.dat'
Wed 19:11: INFO    : Hash changed for file: 'tmp_resource_dump/DotProductKernel_Templates.cpp'
Wed 19:11: INFO    : /opt/maxeler/maxcompiler/lib/clang/bin/start.sh clang++ -c -fPIC -B/opt/maxeler/maxcompiler/lib/gcc -fbracket-depth=1024 -D_GLIBCXX__PTHREADS -D__USE_XOPEN2K8 -O3  -I. -I/opt/maxeler/maxcompiler/lib/boost/include -I/opt/maxeler/maxcompiler/lib/maxeleros-sim/include -I/opt/maxeler/maxcompiler/lib/lwip_sim -I/opt/maxeler/maxcompiler/lib/lwip_sim/include -I/opt/maxeler/maxcompiler/lib/lwip_sim/include/arch -I/opt/maxeler/maxcompiler/lib/lwip_sim/include/ipv4  -DHAVE_KERNELS -DMAXFILE_INC="../../MaxCompilerDesignData.dat" -g0  -DSLIC_NO_DECLARATIONS   -O0 -DOPTIMIZATION_LEVEL=0 -x c++-header \
Wed 19:11: INFO    : 		-o stdsimheader.h.gch/O0_stdsimheader.h.gch stdsimheader.h
Wed 19:11: INFO    : /opt/maxeler/maxcompiler/lib/clang/bin/start.sh clang++ -c -fPIC -B/opt/maxeler/maxcompiler/lib/gcc -fbracket-depth=1024 -D_GLIBCXX__PTHREADS -D__USE_XOPEN2K8 -O3  -I. -I/opt/maxeler/maxcompiler/lib/boost/include -I/opt/maxeler/maxcompiler/lib/maxeleros-sim/include -I/opt/maxeler/maxcompiler/lib/lwip_sim -I/opt/maxeler/maxcompiler/lib/lwip_sim/include -I/opt/maxeler/maxcompiler/lib/lwip_sim/include/arch -I/opt/maxeler/maxcompiler/lib/lwip_sim/include/ipv4  -DHAVE_KERNELS -DMAXFILE_INC="../../MaxCompilerDesignData.dat" -g0  -DSLIC_NO_DECLARATIONS   -fno-implicit-templates -O2 -DOPTIMIZATION_LEVEL=2 -x c++-header \
Wed 19:11: INFO    : 		-o stdsimheader.h.gch/NoTplInst_O2_stdsimheader.h.gch stdsimheader.h
Wed 19:11: INFO    : make DotProduct.so
Wed 19:11: INFO    : make[1]: Entering directory `/home/demo/Desktop/MaxCompiler-Builds/DotProduct_VECTIS_DFE_SIM/scratch/software-sim/build'
Wed 19:11: INFO    : /opt/maxeler/maxcompiler/lib/clang/bin/start.sh clang++ -c -fPIC -B/opt/maxeler/maxcompiler/lib/gcc -fbracket-depth=1024 -D_GLIBCXX__PTHREADS -D__USE_XOPEN2K8 -O3  -I. -I/opt/maxeler/maxcompiler/lib/boost/include -I/opt/maxeler/maxcompiler/lib/maxeleros-sim/include -I/opt/maxeler/maxcompiler/lib/lwip_sim -I/opt/maxeler/maxcompiler/lib/lwip_sim/include -I/opt/maxeler/maxcompiler/lib/lwip_sim/include/arch -I/opt/maxeler/maxcompiler/lib/lwip_sim/include/ipv4  -DHAVE_KERNELS -DMAXFILE_INC="../../MaxCompilerDesignData.dat" -g0  -DSLIC_NO_DECLARATIONS   -fno-implicit-templates -include-pch stdsimheader.h.gch -O2 -DOPTIMIZATION_LEVEL=2 -o objdir/DotProductKernel_exec0.NoTplInst.O2.o DotProductKernel_exec0.cpp
Wed 19:11: INFO    : /opt/maxeler/maxcompiler/lib/clang/bin/start.sh clang++ -fPIC -B/opt/maxeler/maxcompiler/lib/gcc -fbracket-depth=1024 -D_GLIBCXX__PTHREADS -D__USE_XOPEN2K8 -O3  -I. -I/opt/maxeler/maxcompiler/lib/boost/include -I/opt/maxeler/maxcompiler/lib/maxeleros-sim/include -I/opt/maxeler/maxcompiler/lib/lwip_sim -I/opt/maxeler/maxcompiler/lib/lwip_sim/include -I/opt/maxeler/maxcompiler/lib/lwip_sim/include/arch -I/opt/maxeler/maxcompiler/lib/lwip_sim/include/ipv4  -DHAVE_KERNELS -DMAXFILE_INC="../../MaxCompilerDesignData.dat" -g0  -DSLIC_NO_DECLARATIONS   -MM -MP -MT objdir/DotProductKernel_exec0.NoTplInst.O2.o \
Wed 19:11: INFO    : 		DotProductKernel_exec0.cpp > objdir/DotProductKernel_exec0.NoTplInst.O2.d
Wed 19:11: INFO    : /opt/maxeler/maxcompiler/lib/clang/bin/start.sh clang++ -c -fPIC -B/opt/maxeler/maxcompiler/lib/gcc -fbracket-depth=1024 -D_GLIBCXX__PTHREADS -D__USE_XOPEN2K8 -O3  -I. -I/opt/maxeler/maxcompiler/lib/boost/include -I/opt/maxeler/maxcompiler/lib/maxeleros-sim/include -I/opt/maxeler/maxcompiler/lib/lwip_sim -I/opt/maxeler/maxcompiler/lib/lwip_sim/include -I/opt/maxeler/maxcompiler/lib/lwip_sim/include/arch -I/opt/maxeler/maxcompiler/lib/lwip_sim/include/ipv4  -DHAVE_KERNELS -DMAXFILE_INC="../../MaxCompilerDesignData.dat" -g0  -DSLIC_NO_DECLARATIONS   -include-pch stdsimheader.h.gch -O0 -DOPTIMIZATION_LEVEL=0 -o objdir/DotProductKernel.O0.o DotProductKernel.cpp
Wed 19:11: INFO    : /opt/maxeler/maxcompiler/lib/clang/bin/start.sh clang++ -fPIC -B/opt/maxeler/maxcompiler/lib/gcc -fbracket-depth=1024 -D_GLIBCXX__PTHREADS -D__USE_XOPEN2K8 -O3  -I. -I/opt/maxeler/maxcompiler/lib/boost/include -I/opt/maxeler/maxcompiler/lib/maxeleros-sim/include -I/opt/maxeler/maxcompiler/lib/lwip_sim -I/opt/maxeler/maxcompiler/lib/lwip_sim/include -I/opt/maxeler/maxcompiler/lib/lwip_sim/include/arch -I/opt/maxeler/maxcompiler/lib/lwip_sim/include/ipv4  -DHAVE_KERNELS -DMAXFILE_INC="../../MaxCompilerDesignData.dat" -g0  -DSLIC_NO_DECLARATIONS   -MM -MP -MT objdir/DotProductKernel.O0.o \
Wed 19:11: INFO    : 		DotProductKernel.cpp > objdir/DotProductKernel.O0.d
Wed 19:11: INFO    : /opt/maxeler/maxcompiler/lib/clang/bin/start.sh clang++ -c -fPIC -B/opt/maxeler/maxcompiler/lib/gcc -fbracket-depth=1024 -D_GLIBCXX__PTHREADS -D__USE_XOPEN2K8 -O3  -I. -I/opt/maxeler/maxcompiler/lib/boost/include -I/opt/maxeler/maxcompiler/lib/maxeleros-sim/include -I/opt/maxeler/maxcompiler/lib/lwip_sim -I/opt/maxeler/maxcompiler/lib/lwip_sim/include -I/opt/maxeler/maxcompiler/lib/lwip_sim/include/arch -I/opt/maxeler/maxcompiler/lib/lwip_sim/include/ipv4  -DHAVE_KERNELS -DMAXFILE_INC="../../MaxCompilerDesignData.dat" -g0  -DSLIC_NO_DECLARATIONS   -include-pch stdsimheader.h.gch -O2 -DOPTIMIZATION_LEVEL=2 -o objdir/DotProductKernel_Templates.O2.o DotProductKernel_Templates.cpp
Wed 19:11: INFO    : /opt/maxeler/maxcompiler/lib/clang/bin/start.sh clang++ -fPIC -B/opt/maxeler/maxcompiler/lib/gcc -fbracket-depth=1024 -D_GLIBCXX__PTHREADS -D__USE_XOPEN2K8 -O3  -I. -I/opt/maxeler/maxcompiler/lib/boost/include -I/opt/maxeler/maxcompiler/lib/maxeleros-sim/include -I/opt/maxeler/maxcompiler/lib/lwip_sim -I/opt/maxeler/maxcompiler/lib/lwip_sim/include -I/opt/maxeler/maxcompiler/lib/lwip_sim/include/arch -I/opt/maxeler/maxcompiler/lib/lwip_sim/include/ipv4  -DHAVE_KERNELS -DMAXFILE_INC="../../MaxCompilerDesignData.dat" -g0  -DSLIC_NO_DECLARATIONS   -MM -MP -MT objdir/DotProductKernel_Templates.O2.o \
Wed 19:11: INFO    : 		DotProductKernel_Templates.cpp > objdir/DotProductKernel_Templates.O2.d
Wed 19:11: INFO    : /opt/maxeler/maxcompiler/lib/clang/bin/start.sh clang++ -c -fPIC -B/opt/maxeler/maxcompiler/lib/gcc -fbracket-depth=1024 -D_GLIBCXX__PTHREADS -D__USE_XOPEN2K8 -O3  -I. -I/opt/maxeler/maxcompiler/lib/boost/include -I/opt/maxeler/maxcompiler/lib/maxeleros-sim/include -I/opt/maxeler/maxcompiler/lib/lwip_sim -I/opt/maxeler/maxcompiler/lib/lwip_sim/include -I/opt/maxeler/maxcompiler/lib/lwip_sim/include/arch -I/opt/maxeler/maxcompiler/lib/lwip_sim/include/ipv4  -DHAVE_KERNELS -DMAXFILE_INC="../../MaxCompilerDesignData.dat" -g0  -DSLIC_NO_DECLARATIONS   -include-pch stdsimheader.h.gch -O0 -DOPTIMIZATION_LEVEL=0 -o objdir/max_msi.O0.o max_msi.cpp
Wed 19:11: INFO    : In file included from max_msi.cpp:19:
Wed 19:11: INFO    : /home/demo/Desktop/MaxCompiler-Builds/DotProduct_VECTIS_DFE_SIM/scratch/software-sim/build/MaxFile.h:4:9: warning: '_QUOTE' macro redefined [-Wmacro-redefined]
Wed 19:11: INFO    : #define _QUOTE(what) #what
Wed 19:11: INFO    :         ^
Wed 19:11: INFO    : /opt/maxeler/maxcompiler/lib/maxeleros-sim/include/maxrt_error.h:87:9: note: previous definition is here
Wed 19:11: INFO    : #define _QUOTE(x) #x
Wed 19:11: INFO    :         ^
Wed 19:11: INFO    : 1 warning generated.
Wed 19:11: INFO    : /opt/maxeler/maxcompiler/lib/clang/bin/start.sh clang++ -fPIC -B/opt/maxeler/maxcompiler/lib/gcc -fbracket-depth=1024 -D_GLIBCXX__PTHREADS -D__USE_XOPEN2K8 -O3  -I. -I/opt/maxeler/maxcompiler/lib/boost/include -I/opt/maxeler/maxcompiler/lib/maxeleros-sim/include -I/opt/maxeler/maxcompiler/lib/lwip_sim -I/opt/maxeler/maxcompiler/lib/lwip_sim/include -I/opt/maxeler/maxcompiler/lib/lwip_sim/include/arch -I/opt/maxeler/maxcompiler/lib/lwip_sim/include/ipv4  -DHAVE_KERNELS -DMAXFILE_INC="../../MaxCompilerDesignData.dat" -g0  -DSLIC_NO_DECLARATIONS   -MM -MP -MT objdir/max_msi.O0.o \
Wed 19:11: INFO    : 		max_msi.cpp > objdir/max_msi.O0.d
Wed 19:11: INFO    : /opt/maxeler/maxcompiler/lib/clang/bin/start.sh clang++ -fPIC -shared -B/opt/maxeler/maxcompiler/lib/gcc -L/opt/maxeler/maxcompiler/lib/boost/lib -lboost_thread -lboost_system -lboost_filesystem -lrt -pthread -O2 -s  -o DotProduct.so objdir/DotProductKernel_exec0.NoTplInst.O2.o objdir/DotProductKernel.O0.o objdir/DotProductKernel_Templates.O2.o objdir/max_msi.O0.o StructToGroupDummy.o Mux.o DualAspectMux.o Demux.o Fanout.o CapRegs.o IFPGARegs.o ChecksumMem.o PCIe.o KernelManagerBlockSync.o DualAspectReg.o PullPushAdapter.o FilePullSource.o max_shared_fifo.o SharedFIFO.o Fifos.o FilePushSink.o SimTerminator.o Watch.o StreamStatus.o RunLengthExpander.o ManagerBlock.o MappedElements.o ManagerSync.o PullSync.o PushSync.o DynamicVarUInt.o SimException.o DebugStreams.o AddressGenerator.o MemoryControllerPro.o MemoryControllerRAM.o MemoryControllerCommand.o MemoryControllerStreams.o MemoryControllerConfig.o TCP.o Ethernet.o Timestamp.o /opt/maxeler/maxcompiler/lib/lwip_sim/lib/liblwip.a
Wed 19:11: INFO    : make[1]: Leaving directory `/home/demo/Desktop/MaxCompiler-Builds/DotProduct_VECTIS_DFE_SIM/scratch/software-sim/build'
Wed 19:11: INFO    : Build pass 'SimCompilePass' took 9.93165 s.
Wed 19:11: PROGRESS: (3/3) - Generate MaxFile (AddSimObjectToMaxFilePass)
Wed 19:11: INFO    : Build pass 'AddSimObjectToMaxFilePass' took 241.824 ms.
Wed 19:11: INFO    : Final result files after build: 
Wed 19:11: INFO    : Running command: ln -sf "../scratch/DotProduct-DotProductKernel-original.pxg"
Wed 19:11: INFO    : DotProduct-DotProductKernel-original.pxg (BuildFilePXG)
Wed 19:11: INFO    : Running command: ln -sf "../scratch/DotProductKernel_Configuration.txt"
Wed 19:11: INFO    : DotProductKernel_Configuration.txt (BuildFile)
Wed 19:11: INFO    : Running command: ln -sf "../scratch/DotProductKernel_NodeDiary.txt"
Wed 19:11: INFO    : DotProductKernel_NodeDiary.txt (BuildFile)
Wed 19:11: INFO    : Running command: ln -sf "../scratch/DotProduct-DotProductKernel-final-simulation.pxg"
Wed 19:11: INFO    : DotProduct-DotProductKernel-final-simulation.pxg (BuildFilePXG)
Wed 19:11: INFO    : Running command: ln -sf "../scratch/DotProduct.xml"
Wed 19:11: INFO    : DotProduct.xml (BuildFile)
Wed 19:11: INFO    : Running command: ln -sf "../scratch/DotProduct.h"
Wed 19:11: INFO    : DotProduct.h (BuildFileSlicH)
Wed 19:11: INFO    : Running command: ln -sf "../scratch/DotProduct.max"
Wed 19:11: INFO    : DotProduct.max (BuildFileMaxFile)
Wed 19:11: INFO    : Result files will be copied to '/home/demo/workspace/Sol1a_DotProduct/RunRules/Simulation/maxfiles'
Wed 19:11: INFO    : Result 'DotProduct-DotProductKernel-original.pxg' is identical to '/home/demo/workspace/Sol1a_DotProduct/RunRules/Simulation/maxfiles/DotProduct-DotProductKernel-original.pxg': not overwriting.
Wed 19:11: INFO    : Result 'DotProduct-DotProductKernel-final-simulation.pxg' is identical to '/home/demo/workspace/Sol1a_DotProduct/RunRules/Simulation/maxfiles/DotProduct-DotProductKernel-final-simulation.pxg': not overwriting.
Wed 19:11: INFO    : Result 'DotProduct.h' is identical to '/home/demo/workspace/Sol1a_DotProduct/RunRules/Simulation/maxfiles/DotProduct.h': not overwriting.
Wed 19:11: INFO    : Result 'DotProduct.max' is identical to '/home/demo/workspace/Sol1a_DotProduct/RunRules/Simulation/maxfiles/DotProduct.max': not overwriting.
Wed 19:11: PROGRESS: MaxFile: /home/demo/Desktop/MaxCompiler-Builds/DotProduct_VECTIS_DFE_SIM/results/DotProduct.max (MD5Sum: 67ba2e918e1e7e320147741c774da4ad)
Wed 19:11: INFO    : Waiting for any outstanding jobs to finish... 
Wed 19:11: PROGRESS: Build completed: Wed Jul 20 19:11:47 PDT 2016 (took 11 secs)
